<?xml version="1.0" ?>
<coverage version="7.6.4" timestamp="1731363009590" lines-valid="4635" lines-covered="3030" line-rate="0.6537" branches-covered="0" branches-valid="0" branch-rate="0" complexity="0">
	<!-- Generated by coverage.py: https://coverage.readthedocs.io/en/7.6.4 -->
	<!-- Based on https://raw.githubusercontent.com/cobertura/web/master/htdocs/xml/coverage-04.dtd -->
	<sources>
		<source>/__w/carbs/carbs</source>
	</sources>
	<packages>
		<package name="src.carbs" line-rate="0" branch-rate="0" complexity="0">
			<classes>
				<class name="__init__.py" filename="src/carbs/__init__.py" complexity="0" line-rate="1" branch-rate="0">
					<methods/>
					<lines/>
				</class>
				<class name="guidance.py" filename="src/carbs/guidance.py" complexity="0" line-rate="0" branch-rate="0">
					<methods/>
					<lines>
						<line number="6" hits="0"/>
						<line number="7" hits="0"/>
						<line number="8" hits="0"/>
						<line number="9" hits="0"/>
						<line number="10" hits="0"/>
						<line number="11" hits="0"/>
						<line number="12" hits="0"/>
						<line number="13" hits="0"/>
						<line number="15" hits="0"/>
						<line number="16" hits="0"/>
						<line number="17" hits="0"/>
						<line number="18" hits="0"/>
						<line number="19" hits="0"/>
						<line number="22" hits="0"/>
						<line number="64" hits="0"/>
						<line number="65" hits="0"/>
						<line number="66" hits="0"/>
						<line number="67" hits="0"/>
						<line number="68" hits="0"/>
						<line number="69" hits="0"/>
						<line number="72" hits="0"/>
						<line number="73" hits="0"/>
						<line number="74" hits="0"/>
						<line number="75" hits="0"/>
						<line number="78" hits="0"/>
						<line number="79" hits="0"/>
						<line number="80" hits="0"/>
						<line number="83" hits="0"/>
						<line number="84" hits="0"/>
						<line number="89" hits="0"/>
						<line number="90" hits="0"/>
						<line number="91" hits="0"/>
						<line number="92" hits="0"/>
						<line number="94" hits="0"/>
						<line number="97" hits="0"/>
						<line number="98" hits="0"/>
						<line number="99" hits="0"/>
						<line number="102" hits="0"/>
						<line number="104" hits="0"/>
						<line number="105" hits="0"/>
						<line number="108" hits="0"/>
						<line number="109" hits="0"/>
						<line number="116" hits="0"/>
						<line number="118" hits="0"/>
						<line number="119" hits="0"/>
						<line number="120" hits="0"/>
						<line number="121" hits="0"/>
						<line number="122" hits="0"/>
						<line number="123" hits="0"/>
						<line number="125" hits="0"/>
						<line number="135" hits="0"/>
						<line number="150" hits="0"/>
						<line number="160" hits="0"/>
						<line number="162" hits="0"/>
						<line number="163" hits="0"/>
						<line number="164" hits="0"/>
						<line number="165" hits="0"/>
						<line number="167" hits="0"/>
						<line number="168" hits="0"/>
						<line number="169" hits="0"/>
						<line number="170" hits="0"/>
						<line number="171" hits="0"/>
						<line number="172" hits="0"/>
						<line number="173" hits="0"/>
						<line number="175" hits="0"/>
						<line number="176" hits="0"/>
						<line number="178" hits="0"/>
						<line number="191" hits="0"/>
						<line number="192" hits="0"/>
						<line number="195" hits="0"/>
						<line number="201" hits="0"/>
						<line number="217" hits="0"/>
						<line number="220" hits="0"/>
						<line number="221" hits="0"/>
						<line number="224" hits="0"/>
						<line number="229" hits="0"/>
						<line number="232" hits="0"/>
						<line number="233" hits="0"/>
						<line number="236" hits="0"/>
						<line number="238" hits="0"/>
						<line number="240" hits="0"/>
						<line number="276" hits="0"/>
						<line number="277" hits="0"/>
						<line number="279" hits="0"/>
						<line number="280" hits="0"/>
						<line number="282" hits="0"/>
						<line number="283" hits="0"/>
						<line number="285" hits="0"/>
						<line number="286" hits="0"/>
						<line number="290" hits="0"/>
						<line number="291" hits="0"/>
						<line number="293" hits="0"/>
						<line number="304" hits="0"/>
						<line number="306" hits="0"/>
						<line number="323" hits="0"/>
						<line number="324" hits="0"/>
						<line number="325" hits="0"/>
						<line number="327" hits="0"/>
						<line number="329" hits="0"/>
						<line number="344" hits="0"/>
						<line number="345" hits="0"/>
						<line number="346" hits="0"/>
						<line number="347" hits="0"/>
						<line number="348" hits="0"/>
						<line number="349" hits="0"/>
						<line number="352" hits="0"/>
						<line number="355" hits="0"/>
						<line number="356" hits="0"/>
						<line number="357" hits="0"/>
						<line number="359" hits="0"/>
						<line number="361" hits="0"/>
						<line number="378" hits="0"/>
						<line number="379" hits="0"/>
						<line number="380" hits="0"/>
						<line number="382" hits="0"/>
						<line number="383" hits="0"/>
						<line number="384" hits="0"/>
						<line number="385" hits="0"/>
						<line number="386" hits="0"/>
						<line number="387" hits="0"/>
						<line number="388" hits="0"/>
						<line number="389" hits="0"/>
						<line number="390" hits="0"/>
						<line number="391" hits="0"/>
						<line number="392" hits="0"/>
						<line number="394" hits="0"/>
						<line number="395" hits="0"/>
						<line number="396" hits="0"/>
						<line number="397" hits="0"/>
						<line number="398" hits="0"/>
						<line number="399" hits="0"/>
						<line number="400" hits="0"/>
						<line number="401" hits="0"/>
						<line number="403" hits="0"/>
						<line number="405" hits="0"/>
						<line number="406" hits="0"/>
						<line number="407" hits="0"/>
						<line number="409" hits="0"/>
						<line number="412" hits="0"/>
						<line number="413" hits="0"/>
						<line number="414" hits="0"/>
						<line number="416" hits="0"/>
						<line number="417" hits="0"/>
						<line number="418" hits="0"/>
						<line number="419" hits="0"/>
						<line number="420" hits="0"/>
						<line number="421" hits="0"/>
						<line number="422" hits="0"/>
						<line number="424" hits="0"/>
						<line number="425" hits="0"/>
						<line number="427" hits="0"/>
						<line number="429" hits="0"/>
						<line number="470" hits="0"/>
						<line number="471" hits="0"/>
						<line number="472" hits="0"/>
						<line number="473" hits="0"/>
						<line number="474" hits="0"/>
						<line number="475" hits="0"/>
						<line number="479" hits="0"/>
						<line number="480" hits="0"/>
						<line number="483" hits="0"/>
						<line number="491" hits="0"/>
						<line number="502" hits="0"/>
						<line number="511" hits="0"/>
						<line number="513" hits="0"/>
						<line number="516" hits="0"/>
						<line number="517" hits="0"/>
						<line number="518" hits="0"/>
						<line number="520" hits="0"/>
						<line number="521" hits="0"/>
						<line number="522" hits="0"/>
						<line number="523" hits="0"/>
						<line number="524" hits="0"/>
						<line number="526" hits="0"/>
						<line number="527" hits="0"/>
						<line number="528" hits="0"/>
						<line number="529" hits="0"/>
						<line number="530" hits="0"/>
						<line number="533" hits="0"/>
						<line number="535" hits="0"/>
						<line number="546" hits="0"/>
						<line number="547" hits="0"/>
						<line number="548" hits="0"/>
						<line number="549" hits="0"/>
						<line number="550" hits="0"/>
						<line number="551" hits="0"/>
						<line number="553" hits="0"/>
						<line number="554" hits="0"/>
						<line number="555" hits="0"/>
						<line number="556" hits="0"/>
						<line number="558" hits="0"/>
						<line number="559" hits="0"/>
						<line number="561" hits="0"/>
						<line number="562" hits="0"/>
						<line number="564" hits="0"/>
						<line number="567" hits="0"/>
						<line number="569" hits="0"/>
						<line number="571" hits="0"/>
						<line number="572" hits="0"/>
						<line number="575" hits="0"/>
						<line number="579" hits="0"/>
						<line number="582" hits="0"/>
						<line number="583" hits="0"/>
						<line number="585" hits="0"/>
						<line number="587" hits="0"/>
						<line number="588" hits="0"/>
						<line number="589" hits="0"/>
						<line number="591" hits="0"/>
						<line number="610" hits="0"/>
						<line number="611" hits="0"/>
						<line number="614" hits="0"/>
						<line number="624" hits="0"/>
						<line number="625" hits="0"/>
						<line number="626" hits="0"/>
						<line number="628" hits="0"/>
						<line number="629" hits="0"/>
						<line number="635" hits="0"/>
						<line number="637" hits="0"/>
						<line number="651" hits="0"/>
						<line number="652" hits="0"/>
						<line number="653" hits="0"/>
						<line number="654" hits="0"/>
						<line number="655" hits="0"/>
						<line number="674" hits="0"/>
						<line number="676" hits="0"/>
						<line number="758" hits="0"/>
						<line number="759" hits="0"/>
						<line number="760" hits="0"/>
						<line number="761" hits="0"/>
						<line number="762" hits="0"/>
						<line number="763" hits="0"/>
						<line number="764" hits="0"/>
						<line number="765" hits="0"/>
						<line number="766" hits="0"/>
						<line number="767" hits="0"/>
						<line number="768" hits="0"/>
						<line number="769" hits="0"/>
						<line number="771" hits="0"/>
						<line number="773" hits="0"/>
						<line number="774" hits="0"/>
						<line number="775" hits="0"/>
						<line number="777" hits="0"/>
						<line number="788" hits="0"/>
						<line number="789" hits="0"/>
						<line number="791" hits="0"/>
						<line number="793" hits="0"/>
						<line number="794" hits="0"/>
						<line number="795" hits="0"/>
						<line number="796" hits="0"/>
						<line number="800" hits="0"/>
						<line number="813" hits="0"/>
						<line number="814" hits="0"/>
						<line number="815" hits="0"/>
						<line number="823" hits="0"/>
						<line number="828" hits="0"/>
						<line number="829" hits="0"/>
						<line number="830" hits="0"/>
						<line number="831" hits="0"/>
						<line number="835" hits="0"/>
						<line number="848" hits="0"/>
						<line number="849" hits="0"/>
						<line number="852" hits="0"/>
						<line number="853" hits="0"/>
						<line number="854" hits="0"/>
						<line number="855" hits="0"/>
						<line number="859" hits="0"/>
						<line number="860" hits="0"/>
						<line number="861" hits="0"/>
						<line number="862" hits="0"/>
						<line number="866" hits="0"/>
						<line number="874" hits="0"/>
						<line number="889" hits="0"/>
						<line number="890" hits="0"/>
						<line number="891" hits="0"/>
						<line number="894" hits="0"/>
						<line number="898" hits="0"/>
						<line number="899" hits="0"/>
						<line number="901" hits="0"/>
						<line number="902" hits="0"/>
						<line number="906" hits="0"/>
						<line number="954" hits="0"/>
						<line number="955" hits="0"/>
						<line number="957" hits="0"/>
						<line number="958" hits="0"/>
						<line number="959" hits="0"/>
						<line number="976" hits="0"/>
						<line number="977" hits="0"/>
						<line number="980" hits="0"/>
						<line number="981" hits="0"/>
						<line number="982" hits="0"/>
						<line number="985" hits="0"/>
						<line number="999" hits="0"/>
						<line number="1000" hits="0"/>
						<line number="1001" hits="0"/>
						<line number="1003" hits="0"/>
						<line number="1004" hits="0"/>
						<line number="1007" hits="0"/>
						<line number="1008" hits="0"/>
						<line number="1009" hits="0"/>
						<line number="1011" hits="0"/>
						<line number="1013" hits="0"/>
						<line number="1015" hits="0"/>
						<line number="1016" hits="0"/>
						<line number="1017" hits="0"/>
						<line number="1019" hits="0"/>
						<line number="1032" hits="0"/>
						<line number="1033" hits="0"/>
						<line number="1035" hits="0"/>
						<line number="1051" hits="0"/>
						<line number="1054" hits="0"/>
						<line number="1055" hits="0"/>
						<line number="1057" hits="0"/>
						<line number="1058" hits="0"/>
						<line number="1059" hits="0"/>
						<line number="1060" hits="0"/>
						<line number="1064" hits="0"/>
						<line number="1068" hits="0"/>
						<line number="1075" hits="0"/>
						<line number="1076" hits="0"/>
						<line number="1079" hits="0"/>
						<line number="1081" hits="0"/>
						<line number="1083" hits="0"/>
						<line number="1113" hits="0"/>
						<line number="1114" hits="0"/>
						<line number="1116" hits="0"/>
						<line number="1117" hits="0"/>
						<line number="1119" hits="0"/>
						<line number="1120" hits="0"/>
						<line number="1122" hits="0"/>
						<line number="1123" hits="0"/>
						<line number="1125" hits="0"/>
						<line number="1126" hits="0"/>
						<line number="1130" hits="0"/>
						<line number="1131" hits="0"/>
						<line number="1133" hits="0"/>
						<line number="1150" hits="0"/>
						<line number="1151" hits="0"/>
						<line number="1153" hits="0"/>
						<line number="1154" hits="0"/>
						<line number="1155" hits="0"/>
						<line number="1156" hits="0"/>
						<line number="1158" hits="0"/>
						<line number="1159" hits="0"/>
						<line number="1160" hits="0"/>
						<line number="1161" hits="0"/>
						<line number="1164" hits="0"/>
						<line number="1165" hits="0"/>
						<line number="1166" hits="0"/>
						<line number="1167" hits="0"/>
						<line number="1170" hits="0"/>
						<line number="1171" hits="0"/>
						<line number="1172" hits="0"/>
						<line number="1173" hits="0"/>
						<line number="1174" hits="0"/>
						<line number="1177" hits="0"/>
						<line number="1178" hits="0"/>
						<line number="1179" hits="0"/>
						<line number="1180" hits="0"/>
						<line number="1183" hits="0"/>
						<line number="1184" hits="0"/>
						<line number="1186" hits="0"/>
						<line number="1194" hits="0"/>
						<line number="1197" hits="0"/>
						<line number="1199" hits="0"/>
						<line number="1200" hits="0"/>
						<line number="1201" hits="0"/>
						<line number="1202" hits="0"/>
						<line number="1204" hits="0"/>
						<line number="1205" hits="0"/>
						<line number="1207" hits="0"/>
						<line number="1222" hits="0"/>
						<line number="1224" hits="0"/>
						<line number="1225" hits="0"/>
						<line number="1226" hits="0"/>
						<line number="1227" hits="0"/>
						<line number="1228" hits="0"/>
						<line number="1231" hits="0"/>
						<line number="1234" hits="0"/>
						<line number="1235" hits="0"/>
						<line number="1236" hits="0"/>
						<line number="1238" hits="0"/>
						<line number="1240" hits="0"/>
						<line number="1241" hits="0"/>
						<line number="1242" hits="0"/>
						<line number="1244" hits="0"/>
						<line number="1247" hits="0"/>
						<line number="1248" hits="0"/>
						<line number="1249" hits="0"/>
						<line number="1251" hits="0"/>
						<line number="1252" hits="0"/>
						<line number="1253" hits="0"/>
						<line number="1254" hits="0"/>
						<line number="1256" hits="0"/>
						<line number="1257" hits="0"/>
						<line number="1259" hits="0"/>
						<line number="1273" hits="0"/>
						<line number="1274" hits="0"/>
						<line number="1275" hits="0"/>
						<line number="1276" hits="0"/>
						<line number="1277" hits="0"/>
						<line number="1296" hits="0"/>
						<line number="1298" hits="0"/>
						<line number="1299" hits="0"/>
					</lines>
				</class>
			</classes>
		</package>
		<package name="src.carbs.swarm_estimator" line-rate="0.6963" branch-rate="0" complexity="0">
			<classes>
				<class name="__init__.py" filename="src/carbs/swarm_estimator/__init__.py" complexity="0" line-rate="1" branch-rate="0">
					<methods/>
					<lines/>
				</class>
				<class name="slam.py" filename="src/carbs/swarm_estimator/slam.py" complexity="0" line-rate="1" branch-rate="0">
					<methods/>
					<lines/>
				</class>
				<class name="tracker.py" filename="src/carbs/swarm_estimator/tracker.py" complexity="0" line-rate="0.6963" branch-rate="0">
					<methods/>
					<lines>
						<line number="7" hits="1"/>
						<line number="8" hits="1"/>
						<line number="9" hits="1"/>
						<line number="10" hits="1"/>
						<line number="11" hits="1"/>
						<line number="12" hits="1"/>
						<line number="13" hits="1"/>
						<line number="14" hits="1"/>
						<line number="15" hits="1"/>
						<line number="16" hits="1"/>
						<line number="17" hits="1"/>
						<line number="18" hits="1"/>
						<line number="20" hits="1"/>
						<line number="25" hits="1"/>
						<line number="27" hits="1"/>
						<line number="28" hits="1"/>
						<line number="29" hits="1"/>
						<line number="30" hits="1"/>
						<line number="32" hits="1"/>
						<line number="33" hits="1"/>
						<line number="34" hits="1"/>
						<line number="37" hits="1"/>
						<line number="77" hits="1"/>
						<line number="121" hits="1"/>
						<line number="122" hits="1"/>
						<line number="123" hits="1"/>
						<line number="124" hits="1"/>
						<line number="125" hits="1"/>
						<line number="126" hits="1"/>
						<line number="127" hits="1"/>
						<line number="128" hits="1"/>
						<line number="129" hits="0"/>
						<line number="130" hits="1"/>
						<line number="132" hits="1"/>
						<line number="134" hits="1"/>
						<line number="135" hits="1"/>
						<line number="137" hits="1"/>
						<line number="138" hits="1"/>
						<line number="139" hits="1"/>
						<line number="140" hits="1"/>
						<line number="141" hits="1"/>
						<line number="143" hits="1"/>
						<line number="144" hits="1"/>
						<line number="147" hits="1"/>
						<line number="148" hits="1"/>
						<line number="149" hits="1"/>
						<line number="150" hits="1"/>
						<line number="152" hits="1"/>
						<line number="154" hits="1"/>
						<line number="155" hits="1"/>
						<line number="157" hits="0"/>
						<line number="158" hits="0"/>
						<line number="160" hits="0"/>
						<line number="162" hits="1"/>
						<line number="163" hits="1"/>
						<line number="164" hits="0"/>
						<line number="166" hits="1"/>
						<line number="167" hits="1"/>
						<line number="176" hits="1"/>
						<line number="177" hits="1"/>
						<line number="178" hits="1"/>
						<line number="180" hits="0"/>
						<line number="181" hits="1"/>
						<line number="182" hits="1"/>
						<line number="183" hits="1"/>
						<line number="184" hits="1"/>
						<line number="185" hits="1"/>
						<line number="186" hits="1"/>
						<line number="187" hits="1"/>
						<line number="188" hits="1"/>
						<line number="189" hits="1"/>
						<line number="190" hits="1"/>
						<line number="191" hits="1"/>
						<line number="193" hits="1"/>
						<line number="194" hits="1"/>
						<line number="195" hits="1"/>
						<line number="196" hits="1"/>
						<line number="198" hits="1"/>
						<line number="200" hits="1"/>
						<line number="201" hits="1"/>
						<line number="210" hits="1"/>
						<line number="211" hits="1"/>
						<line number="212" hits="1"/>
						<line number="213" hits="1"/>
						<line number="215" hits="0"/>
						<line number="216" hits="1"/>
						<line number="217" hits="1"/>
						<line number="218" hits="1"/>
						<line number="219" hits="1"/>
						<line number="220" hits="1"/>
						<line number="221" hits="1"/>
						<line number="222" hits="1"/>
						<line number="223" hits="1"/>
						<line number="224" hits="1"/>
						<line number="225" hits="1"/>
						<line number="226" hits="1"/>
						<line number="228" hits="1"/>
						<line number="229" hits="1"/>
						<line number="230" hits="1"/>
						<line number="231" hits="1"/>
						<line number="233" hits="1"/>
						<line number="234" hits="1"/>
						<line number="236" hits="1"/>
						<line number="238" hits="1"/>
						<line number="239" hits="1"/>
						<line number="241" hits="1"/>
						<line number="243" hits="1"/>
						<line number="244" hits="1"/>
						<line number="246" hits="0"/>
						<line number="248" hits="1"/>
						<line number="249" hits="1"/>
						<line number="256" hits="0"/>
						<line number="258" hits="1"/>
						<line number="259" hits="1"/>
						<line number="266" hits="0"/>
						<line number="268" hits="1"/>
						<line number="269" hits="1"/>
						<line number="271" hits="0"/>
						<line number="273" hits="1"/>
						<line number="274" hits="1"/>
						<line number="281" hits="0"/>
						<line number="283" hits="1"/>
						<line number="313" hits="0"/>
						<line number="314" hits="0"/>
						<line number="315" hits="0"/>
						<line number="316" hits="0"/>
						<line number="317" hits="0"/>
						<line number="318" hits="0"/>
						<line number="319" hits="0"/>
						<line number="320" hits="0"/>
						<line number="321" hits="0"/>
						<line number="322" hits="0"/>
						<line number="324" hits="0"/>
						<line number="325" hits="0"/>
						<line number="326" hits="0"/>
						<line number="327" hits="0"/>
						<line number="328" hits="0"/>
						<line number="329" hits="0"/>
						<line number="330" hits="0"/>
						<line number="331" hits="0"/>
						<line number="332" hits="0"/>
						<line number="334" hits="1"/>
						<line number="336" hits="1"/>
						<line number="337" hits="1"/>
						<line number="339" hits="1"/>
						<line number="340" hits="1"/>
						<line number="347" hits="1"/>
						<line number="348" hits="1"/>
						<line number="350" hits="1"/>
						<line number="351" hits="1"/>
						<line number="352" hits="1"/>
						<line number="353" hits="1"/>
						<line number="354" hits="1"/>
						<line number="355" hits="1"/>
						<line number="356" hits="1"/>
						<line number="357" hits="1"/>
						<line number="358" hits="1"/>
						<line number="359" hits="1"/>
						<line number="360" hits="1"/>
						<line number="361" hits="1"/>
						<line number="362" hits="1"/>
						<line number="363" hits="1"/>
						<line number="365" hits="1"/>
						<line number="367" hits="1"/>
						<line number="368" hits="1"/>
						<line number="370" hits="1"/>
						<line number="371" hits="1"/>
						<line number="375" hits="1"/>
						<line number="376" hits="1"/>
						<line number="378" hits="1"/>
						<line number="379" hits="1"/>
						<line number="380" hits="1"/>
						<line number="381" hits="1"/>
						<line number="382" hits="1"/>
						<line number="383" hits="1"/>
						<line number="384" hits="1"/>
						<line number="385" hits="1"/>
						<line number="386" hits="1"/>
						<line number="387" hits="1"/>
						<line number="389" hits="1"/>
						<line number="390" hits="1"/>
						<line number="391" hits="1"/>
						<line number="392" hits="1"/>
						<line number="393" hits="0"/>
						<line number="394" hits="0"/>
						<line number="395" hits="0"/>
						<line number="396" hits="1"/>
						<line number="397" hits="0"/>
						<line number="398" hits="0"/>
						<line number="399" hits="0"/>
						<line number="400" hits="1"/>
						<line number="402" hits="1"/>
						<line number="403" hits="1"/>
						<line number="404" hits="1"/>
						<line number="405" hits="1"/>
						<line number="406" hits="1"/>
						<line number="407" hits="1"/>
						<line number="408" hits="1"/>
						<line number="409" hits="1"/>
						<line number="410" hits="1"/>
						<line number="411" hits="1"/>
						<line number="412" hits="0"/>
						<line number="413" hits="0"/>
						<line number="414" hits="0"/>
						<line number="415" hits="0"/>
						<line number="416" hits="0"/>
						<line number="417" hits="0"/>
						<line number="418" hits="0"/>
						<line number="419" hits="1"/>
						<line number="421" hits="1"/>
						<line number="461" hits="1"/>
						<line number="464" hits="1"/>
						<line number="465" hits="1"/>
						<line number="466" hits="1"/>
						<line number="468" hits="0"/>
						<line number="469" hits="1"/>
						<line number="470" hits="0"/>
						<line number="472" hits="0"/>
						<line number="473" hits="0"/>
						<line number="474" hits="0"/>
						<line number="475" hits="0"/>
						<line number="476" hits="0"/>
						<line number="477" hits="0"/>
						<line number="478" hits="0"/>
						<line number="479" hits="0"/>
						<line number="480" hits="1"/>
						<line number="483" hits="1"/>
						<line number="486" hits="1"/>
						<line number="506" hits="1"/>
						<line number="551" hits="1"/>
						<line number="554" hits="1"/>
						<line number="555" hits="1"/>
						<line number="556" hits="1"/>
						<line number="558" hits="0"/>
						<line number="559" hits="1"/>
						<line number="560" hits="0"/>
						<line number="562" hits="0"/>
						<line number="563" hits="0"/>
						<line number="564" hits="0"/>
						<line number="565" hits="0"/>
						<line number="566" hits="0"/>
						<line number="567" hits="0"/>
						<line number="568" hits="0"/>
						<line number="569" hits="0"/>
						<line number="570" hits="0"/>
						<line number="571" hits="1"/>
						<line number="574" hits="1"/>
						<line number="577" hits="1"/>
						<line number="599" hits="1"/>
						<line number="600" hits="0"/>
						<line number="602" hits="0"/>
						<line number="603" hits="0"/>
						<line number="604" hits="0"/>
						<line number="605" hits="0"/>
						<line number="606" hits="0"/>
						<line number="607" hits="0"/>
						<line number="608" hits="0"/>
						<line number="609" hits="0"/>
						<line number="611" hits="0"/>
						<line number="614" hits="0"/>
						<line number="616" hits="0"/>
						<line number="618" hits="1"/>
						<line number="619" hits="0"/>
						<line number="620" hits="0"/>
						<line number="621" hits="0"/>
						<line number="623" hits="0"/>
						<line number="624" hits="0"/>
						<line number="625" hits="0"/>
						<line number="626" hits="0"/>
						<line number="627" hits="0"/>
						<line number="628" hits="0"/>
						<line number="629" hits="0"/>
						<line number="631" hits="0"/>
						<line number="632" hits="0"/>
						<line number="633" hits="0"/>
						<line number="634" hits="0"/>
						<line number="635" hits="0"/>
						<line number="636" hits="0"/>
						<line number="637" hits="0"/>
						<line number="638" hits="0"/>
						<line number="639" hits="0"/>
						<line number="640" hits="0"/>
						<line number="641" hits="0"/>
						<line number="642" hits="0"/>
						<line number="643" hits="0"/>
						<line number="644" hits="0"/>
						<line number="646" hits="1"/>
						<line number="686" hits="0"/>
						<line number="687" hits="0"/>
						<line number="688" hits="0"/>
						<line number="689" hits="0"/>
						<line number="690" hits="0"/>
						<line number="691" hits="0"/>
						<line number="692" hits="0"/>
						<line number="693" hits="0"/>
						<line number="694" hits="0"/>
						<line number="699" hits="0"/>
						<line number="701" hits="0"/>
						<line number="702" hits="0"/>
						<line number="706" hits="0"/>
						<line number="707" hits="0"/>
						<line number="708" hits="0"/>
						<line number="713" hits="0"/>
						<line number="714" hits="0"/>
						<line number="722" hits="0"/>
						<line number="724" hits="1"/>
						<line number="764" hits="0"/>
						<line number="765" hits="0"/>
						<line number="766" hits="0"/>
						<line number="767" hits="0"/>
						<line number="768" hits="0"/>
						<line number="769" hits="0"/>
						<line number="770" hits="0"/>
						<line number="771" hits="0"/>
						<line number="772" hits="0"/>
						<line number="778" hits="0"/>
						<line number="780" hits="0"/>
						<line number="781" hits="0"/>
						<line number="785" hits="0"/>
						<line number="786" hits="0"/>
						<line number="787" hits="0"/>
						<line number="793" hits="0"/>
						<line number="794" hits="0"/>
						<line number="802" hits="0"/>
						<line number="805" hits="1"/>
						<line number="833" hits="1"/>
						<line number="843" hits="1"/>
						<line number="844" hits="1"/>
						<line number="845" hits="1"/>
						<line number="846" hits="1"/>
						<line number="847" hits="1"/>
						<line number="848" hits="1"/>
						<line number="850" hits="1"/>
						<line number="852" hits="1"/>
						<line number="854" hits="1"/>
						<line number="856" hits="0"/>
						<line number="858" hits="0"/>
						<line number="859" hits="0"/>
						<line number="861" hits="1"/>
						<line number="869" hits="0"/>
						<line number="871" hits="0"/>
						<line number="873" hits="1"/>
						<line number="874" hits="1"/>
						<line number="881" hits="0"/>
						<line number="882" hits="0"/>
						<line number="884" hits="0"/>
						<line number="886" hits="1"/>
						<line number="887" hits="1"/>
						<line number="900" hits="0"/>
						<line number="901" hits="0"/>
						<line number="902" hits="0"/>
						<line number="903" hits="0"/>
						<line number="904" hits="0"/>
						<line number="906" hits="0"/>
						<line number="908" hits="1"/>
						<line number="909" hits="1"/>
						<line number="911" hits="1"/>
						<line number="912" hits="0"/>
						<line number="914" hits="1"/>
						<line number="916" hits="1"/>
						<line number="917" hits="1"/>
						<line number="918" hits="1"/>
						<line number="922" hits="1"/>
						<line number="927" hits="0"/>
						<line number="931" hits="1"/>
						<line number="952" hits="1"/>
						<line number="953" hits="1"/>
						<line number="955" hits="1"/>
						<line number="957" hits="1"/>
						<line number="958" hits="1"/>
						<line number="962" hits="1"/>
						<line number="963" hits="1"/>
						<line number="965" hits="1"/>
						<line number="986" hits="1"/>
						<line number="987" hits="1"/>
						<line number="988" hits="1"/>
						<line number="989" hits="1"/>
						<line number="990" hits="1"/>
						<line number="991" hits="1"/>
						<line number="992" hits="1"/>
						<line number="993" hits="1"/>
						<line number="994" hits="1"/>
						<line number="995" hits="1"/>
						<line number="999" hits="1"/>
						<line number="1034" hits="1"/>
						<line number="1036" hits="1"/>
						<line number="1037" hits="0"/>
						<line number="1044" hits="1"/>
						<line number="1046" hits="1"/>
						<line number="1047" hits="1"/>
						<line number="1048" hits="1"/>
						<line number="1049" hits="1"/>
						<line number="1051" hits="1"/>
						<line number="1053" hits="1"/>
						<line number="1074" hits="1"/>
						<line number="1075" hits="1"/>
						<line number="1076" hits="1"/>
						<line number="1077" hits="1"/>
						<line number="1078" hits="1"/>
						<line number="1079" hits="1"/>
						<line number="1080" hits="1"/>
						<line number="1081" hits="1"/>
						<line number="1082" hits="1"/>
						<line number="1083" hits="1"/>
						<line number="1084" hits="1"/>
						<line number="1085" hits="1"/>
						<line number="1086" hits="1"/>
						<line number="1087" hits="1"/>
						<line number="1088" hits="1"/>
						<line number="1089" hits="1"/>
						<line number="1092" hits="1"/>
						<line number="1096" hits="1"/>
						<line number="1102" hits="1"/>
						<line number="1103" hits="1"/>
						<line number="1104" hits="1"/>
						<line number="1106" hits="1"/>
						<line number="1108" hits="1"/>
						<line number="1110" hits="1"/>
						<line number="1111" hits="1"/>
						<line number="1112" hits="1"/>
						<line number="1113" hits="1"/>
						<line number="1114" hits="1"/>
						<line number="1115" hits="1"/>
						<line number="1116" hits="1"/>
						<line number="1117" hits="1"/>
						<line number="1118" hits="1"/>
						<line number="1119" hits="1"/>
						<line number="1120" hits="1"/>
						<line number="1121" hits="1"/>
						<line number="1122" hits="1"/>
						<line number="1123" hits="1"/>
						<line number="1132" hits="1"/>
						<line number="1142" hits="1"/>
						<line number="1143" hits="1"/>
						<line number="1144" hits="1"/>
						<line number="1146" hits="1"/>
						<line number="1147" hits="1"/>
						<line number="1148" hits="1"/>
						<line number="1149" hits="1"/>
						<line number="1153" hits="1"/>
						<line number="1159" hits="1"/>
						<line number="1160" hits="0"/>
						<line number="1161" hits="0"/>
						<line number="1162" hits="0"/>
						<line number="1163" hits="0"/>
						<line number="1166" hits="0"/>
						<line number="1167" hits="1"/>
						<line number="1169" hits="1"/>
						<line number="1175" hits="1"/>
						<line number="1176" hits="1"/>
						<line number="1177" hits="1"/>
						<line number="1178" hits="1"/>
						<line number="1179" hits="1"/>
						<line number="1180" hits="1"/>
						<line number="1181" hits="1"/>
						<line number="1182" hits="1"/>
						<line number="1183" hits="1"/>
						<line number="1184" hits="1"/>
						<line number="1185" hits="1"/>
						<line number="1186" hits="1"/>
						<line number="1187" hits="1"/>
						<line number="1189" hits="1"/>
						<line number="1219" hits="1"/>
						<line number="1220" hits="1"/>
						<line number="1221" hits="1"/>
						<line number="1222" hits="1"/>
						<line number="1223" hits="1"/>
						<line number="1224" hits="1"/>
						<line number="1225" hits="1"/>
						<line number="1226" hits="1"/>
						<line number="1227" hits="1"/>
						<line number="1228" hits="1"/>
						<line number="1230" hits="1"/>
						<line number="1245" hits="0"/>
						<line number="1246" hits="0"/>
						<line number="1247" hits="0"/>
						<line number="1251" hits="0"/>
						<line number="1259" hits="0"/>
						<line number="1260" hits="0"/>
						<line number="1261" hits="0"/>
						<line number="1262" hits="0"/>
						<line number="1263" hits="0"/>
						<line number="1264" hits="0"/>
						<line number="1265" hits="0"/>
						<line number="1266" hits="0"/>
						<line number="1267" hits="0"/>
						<line number="1268" hits="0"/>
						<line number="1269" hits="0"/>
						<line number="1270" hits="0"/>
						<line number="1272" hits="0"/>
						<line number="1273" hits="0"/>
						<line number="1274" hits="0"/>
						<line number="1275" hits="0"/>
						<line number="1276" hits="0"/>
						<line number="1277" hits="0"/>
						<line number="1278" hits="0"/>
						<line number="1288" hits="0"/>
						<line number="1296" hits="0"/>
						<line number="1297" hits="0"/>
						<line number="1298" hits="0"/>
						<line number="1299" hits="0"/>
						<line number="1300" hits="0"/>
						<line number="1301" hits="0"/>
						<line number="1303" hits="1"/>
						<line number="1351" hits="0"/>
						<line number="1352" hits="0"/>
						<line number="1353" hits="0"/>
						<line number="1354" hits="0"/>
						<line number="1355" hits="0"/>
						<line number="1356" hits="0"/>
						<line number="1357" hits="0"/>
						<line number="1358" hits="0"/>
						<line number="1359" hits="0"/>
						<line number="1360" hits="0"/>
						<line number="1361" hits="0"/>
						<line number="1362" hits="0"/>
						<line number="1363" hits="0"/>
						<line number="1364" hits="0"/>
						<line number="1365" hits="0"/>
						<line number="1366" hits="0"/>
						<line number="1367" hits="0"/>
						<line number="1368" hits="0"/>
						<line number="1370" hits="0"/>
						<line number="1371" hits="0"/>
						<line number="1373" hits="0"/>
						<line number="1374" hits="0"/>
						<line number="1375" hits="0"/>
						<line number="1377" hits="0"/>
						<line number="1378" hits="0"/>
						<line number="1379" hits="0"/>
						<line number="1380" hits="0"/>
						<line number="1382" hits="0"/>
						<line number="1383" hits="0"/>
						<line number="1384" hits="0"/>
						<line number="1385" hits="0"/>
						<line number="1386" hits="0"/>
						<line number="1387" hits="0"/>
						<line number="1388" hits="0"/>
						<line number="1389" hits="0"/>
						<line number="1390" hits="0"/>
						<line number="1392" hits="0"/>
						<line number="1393" hits="0"/>
						<line number="1394" hits="0"/>
						<line number="1395" hits="0"/>
						<line number="1396" hits="0"/>
						<line number="1397" hits="0"/>
						<line number="1398" hits="0"/>
						<line number="1399" hits="0"/>
						<line number="1400" hits="0"/>
						<line number="1401" hits="0"/>
						<line number="1402" hits="0"/>
						<line number="1403" hits="0"/>
						<line number="1404" hits="0"/>
						<line number="1405" hits="0"/>
						<line number="1407" hits="0"/>
						<line number="1408" hits="0"/>
						<line number="1409" hits="0"/>
						<line number="1410" hits="0"/>
						<line number="1411" hits="0"/>
						<line number="1412" hits="0"/>
						<line number="1413" hits="0"/>
						<line number="1421" hits="0"/>
						<line number="1423" hits="0"/>
						<line number="1430" hits="0"/>
						<line number="1431" hits="0"/>
						<line number="1432" hits="0"/>
						<line number="1433" hits="0"/>
						<line number="1434" hits="0"/>
						<line number="1435" hits="0"/>
						<line number="1443" hits="0"/>
						<line number="1445" hits="0"/>
						<line number="1453" hits="0"/>
						<line number="1454" hits="0"/>
						<line number="1455" hits="0"/>
						<line number="1456" hits="0"/>
						<line number="1457" hits="0"/>
						<line number="1458" hits="0"/>
						<line number="1459" hits="0"/>
						<line number="1460" hits="0"/>
						<line number="1461" hits="0"/>
						<line number="1462" hits="0"/>
						<line number="1463" hits="0"/>
						<line number="1464" hits="0"/>
						<line number="1465" hits="0"/>
						<line number="1466" hits="0"/>
						<line number="1473" hits="0"/>
						<line number="1475" hits="0"/>
						<line number="1481" hits="0"/>
						<line number="1482" hits="0"/>
						<line number="1483" hits="0"/>
						<line number="1484" hits="0"/>
						<line number="1485" hits="0"/>
						<line number="1486" hits="0"/>
						<line number="1487" hits="0"/>
						<line number="1488" hits="0"/>
						<line number="1489" hits="0"/>
						<line number="1490" hits="0"/>
						<line number="1491" hits="0"/>
						<line number="1492" hits="0"/>
						<line number="1493" hits="0"/>
						<line number="1504" hits="0"/>
						<line number="1513" hits="0"/>
						<line number="1514" hits="0"/>
						<line number="1516" hits="0"/>
						<line number="1517" hits="0"/>
						<line number="1518" hits="0"/>
						<line number="1520" hits="0"/>
						<line number="1522" hits="1"/>
						<line number="1570" hits="0"/>
						<line number="1571" hits="0"/>
						<line number="1572" hits="0"/>
						<line number="1573" hits="0"/>
						<line number="1574" hits="0"/>
						<line number="1575" hits="0"/>
						<line number="1576" hits="0"/>
						<line number="1578" hits="0"/>
						<line number="1579" hits="0"/>
						<line number="1581" hits="0"/>
						<line number="1582" hits="0"/>
						<line number="1591" hits="0"/>
						<line number="1602" hits="0"/>
						<line number="1603" hits="0"/>
						<line number="1604" hits="0"/>
						<line number="1605" hits="0"/>
						<line number="1606" hits="0"/>
						<line number="1607" hits="0"/>
						<line number="1608" hits="0"/>
						<line number="1609" hits="0"/>
						<line number="1611" hits="0"/>
						<line number="1612" hits="0"/>
						<line number="1615" hits="0"/>
						<line number="1616" hits="0"/>
						<line number="1617" hits="0"/>
						<line number="1619" hits="0"/>
						<line number="1620" hits="0"/>
						<line number="1621" hits="0"/>
						<line number="1622" hits="0"/>
						<line number="1632" hits="0"/>
						<line number="1634" hits="0"/>
						<line number="1644" hits="0"/>
						<line number="1652" hits="0"/>
						<line number="1654" hits="0"/>
						<line number="1655" hits="0"/>
						<line number="1669" hits="0"/>
						<line number="1670" hits="0"/>
						<line number="1672" hits="0"/>
						<line number="1673" hits="0"/>
						<line number="1675" hits="0"/>
						<line number="1676" hits="0"/>
						<line number="1678" hits="0"/>
						<line number="1679" hits="0"/>
						<line number="1680" hits="0"/>
						<line number="1683" hits="0"/>
						<line number="1692" hits="0"/>
						<line number="1693" hits="0"/>
						<line number="1694" hits="0"/>
						<line number="1695" hits="0"/>
						<line number="1696" hits="0"/>
						<line number="1697" hits="0"/>
						<line number="1700" hits="1"/>
						<line number="1717" hits="1"/>
						<line number="1718" hits="1"/>
						<line number="1719" hits="1"/>
						<line number="1721" hits="1"/>
						<line number="1724" hits="1"/>
						<line number="1725" hits="1"/>
						<line number="1726" hits="1"/>
						<line number="1728" hits="1"/>
						<line number="1730" hits="1"/>
						<line number="1731" hits="1"/>
						<line number="1733" hits="1"/>
						<line number="1735" hits="1"/>
						<line number="1736" hits="1"/>
						<line number="1737" hits="0"/>
						<line number="1738" hits="0"/>
						<line number="1739" hits="0"/>
						<line number="1741" hits="1"/>
						<line number="1742" hits="1"/>
						<line number="1744" hits="1"/>
						<line number="1746" hits="1"/>
						<line number="1766" hits="1"/>
						<line number="1768" hits="1"/>
						<line number="1769" hits="1"/>
						<line number="1770" hits="1"/>
						<line number="1771" hits="1"/>
						<line number="1772" hits="1"/>
						<line number="1781" hits="1"/>
						<line number="1782" hits="1"/>
						<line number="1783" hits="1"/>
						<line number="1784" hits="1"/>
						<line number="1785" hits="0"/>
						<line number="1786" hits="1"/>
						<line number="1789" hits="1"/>
						<line number="1790" hits="1"/>
						<line number="1791" hits="1"/>
						<line number="1792" hits="1"/>
						<line number="1793" hits="1"/>
						<line number="1796" hits="1"/>
						<line number="1797" hits="1"/>
						<line number="1798" hits="1"/>
						<line number="1800" hits="1"/>
						<line number="1804" hits="1"/>
						<line number="1835" hits="1"/>
						<line number="1837" hits="1"/>
						<line number="1838" hits="0"/>
						<line number="1845" hits="1"/>
						<line number="1847" hits="1"/>
						<line number="1849" hits="1"/>
						<line number="1851" hits="1"/>
						<line number="1857" hits="1"/>
						<line number="1858" hits="1"/>
						<line number="1859" hits="1"/>
						<line number="1860" hits="1"/>
						<line number="1862" hits="1"/>
						<line number="1863" hits="1"/>
						<line number="1865" hits="1"/>
						<line number="1866" hits="1"/>
						<line number="1867" hits="1"/>
						<line number="1869" hits="1"/>
						<line number="1870" hits="1"/>
						<line number="1871" hits="1"/>
						<line number="1872" hits="1"/>
						<line number="1874" hits="1"/>
						<line number="1877" hits="1"/>
						<line number="1878" hits="1"/>
						<line number="1879" hits="1"/>
						<line number="1880" hits="1"/>
						<line number="1881" hits="1"/>
						<line number="1882" hits="1"/>
						<line number="1883" hits="1"/>
						<line number="1884" hits="1"/>
						<line number="1885" hits="1"/>
						<line number="1887" hits="1"/>
						<line number="1888" hits="1"/>
						<line number="1889" hits="1"/>
						<line number="1890" hits="1"/>
						<line number="1891" hits="1"/>
						<line number="1892" hits="1"/>
						<line number="1893" hits="1"/>
						<line number="1895" hits="1"/>
						<line number="1896" hits="1"/>
						<line number="1897" hits="1"/>
						<line number="1898" hits="1"/>
						<line number="1899" hits="1"/>
						<line number="1900" hits="1"/>
						<line number="1901" hits="1"/>
						<line number="1902" hits="1"/>
						<line number="1903" hits="1"/>
						<line number="1904" hits="1"/>
						<line number="1905" hits="1"/>
						<line number="1907" hits="1"/>
						<line number="1908" hits="1"/>
						<line number="1909" hits="1"/>
						<line number="1910" hits="1"/>
						<line number="1911" hits="1"/>
						<line number="1912" hits="1"/>
						<line number="1913" hits="1"/>
						<line number="1914" hits="1"/>
						<line number="1915" hits="1"/>
						<line number="1916" hits="1"/>
						<line number="1918" hits="1"/>
						<line number="1919" hits="1"/>
						<line number="1920" hits="1"/>
						<line number="1921" hits="1"/>
						<line number="1922" hits="1"/>
						<line number="1923" hits="1"/>
						<line number="1926" hits="1"/>
						<line number="1927" hits="1"/>
						<line number="1930" hits="1"/>
						<line number="1931" hits="1"/>
						<line number="1932" hits="1"/>
						<line number="1935" hits="1"/>
						<line number="1936" hits="1"/>
						<line number="1937" hits="1"/>
						<line number="1943" hits="1"/>
						<line number="1945" hits="1"/>
						<line number="1946" hits="1"/>
						<line number="1949" hits="1"/>
						<line number="1950" hits="1"/>
						<line number="1951" hits="1"/>
						<line number="1952" hits="1"/>
						<line number="1957" hits="1"/>
						<line number="1958" hits="1"/>
						<line number="1959" hits="1"/>
						<line number="1960" hits="1"/>
						<line number="1962" hits="1"/>
						<line number="1967" hits="1"/>
						<line number="1969" hits="1"/>
						<line number="1981" hits="1"/>
						<line number="1982" hits="1"/>
						<line number="1983" hits="1"/>
						<line number="1984" hits="1"/>
						<line number="1985" hits="1"/>
						<line number="1986" hits="1"/>
						<line number="1987" hits="1"/>
						<line number="1988" hits="1"/>
						<line number="1990" hits="1"/>
						<line number="1991" hits="1"/>
						<line number="1992" hits="1"/>
						<line number="1993" hits="0"/>
						<line number="1994" hits="0"/>
						<line number="1995" hits="0"/>
						<line number="1996" hits="1"/>
						<line number="1997" hits="1"/>
						<line number="1999" hits="0"/>
						<line number="2000" hits="1"/>
						<line number="2001" hits="1"/>
						<line number="2003" hits="1"/>
						<line number="2004" hits="1"/>
						<line number="2005" hits="0"/>
						<line number="2006" hits="1"/>
						<line number="2007" hits="1"/>
						<line number="2008" hits="0"/>
						<line number="2009" hits="1"/>
						<line number="2010" hits="1"/>
						<line number="2011" hits="0"/>
						<line number="2012" hits="1"/>
						<line number="2013" hits="0"/>
						<line number="2015" hits="1"/>
						<line number="2040" hits="0"/>
						<line number="2041" hits="0"/>
						<line number="2043" hits="0"/>
						<line number="2044" hits="0"/>
						<line number="2045" hits="0"/>
						<line number="2046" hits="0"/>
						<line number="2047" hits="0"/>
						<line number="2048" hits="0"/>
						<line number="2049" hits="0"/>
						<line number="2050" hits="0"/>
						<line number="2052" hits="0"/>
						<line number="2060" hits="0"/>
						<line number="2062" hits="0"/>
						<line number="2064" hits="1"/>
						<line number="2100" hits="0"/>
						<line number="2101" hits="0"/>
						<line number="2102" hits="0"/>
						<line number="2104" hits="0"/>
						<line number="2105" hits="0"/>
						<line number="2106" hits="0"/>
						<line number="2107" hits="0"/>
						<line number="2108" hits="0"/>
						<line number="2109" hits="0"/>
						<line number="2110" hits="0"/>
						<line number="2111" hits="0"/>
						<line number="2112" hits="0"/>
						<line number="2114" hits="0"/>
						<line number="2115" hits="0"/>
						<line number="2116" hits="0"/>
						<line number="2117" hits="0"/>
						<line number="2118" hits="0"/>
						<line number="2120" hits="0"/>
						<line number="2121" hits="0"/>
						<line number="2130" hits="0"/>
						<line number="2131" hits="0"/>
						<line number="2132" hits="0"/>
						<line number="2133" hits="0"/>
						<line number="2134" hits="0"/>
						<line number="2137" hits="0"/>
						<line number="2139" hits="0"/>
						<line number="2147" hits="0"/>
						<line number="2148" hits="0"/>
						<line number="2149" hits="0"/>
						<line number="2156" hits="0"/>
						<line number="2159" hits="0"/>
						<line number="2161" hits="0"/>
						<line number="2162" hits="0"/>
						<line number="2163" hits="0"/>
						<line number="2164" hits="0"/>
						<line number="2173" hits="0"/>
						<line number="2175" hits="0"/>
						<line number="2177" hits="1"/>
						<line number="2201" hits="0"/>
						<line number="2202" hits="0"/>
						<line number="2203" hits="0"/>
						<line number="2205" hits="0"/>
						<line number="2206" hits="0"/>
						<line number="2207" hits="0"/>
						<line number="2208" hits="0"/>
						<line number="2209" hits="0"/>
						<line number="2210" hits="0"/>
						<line number="2211" hits="0"/>
						<line number="2212" hits="0"/>
						<line number="2213" hits="0"/>
						<line number="2214" hits="0"/>
						<line number="2216" hits="0"/>
						<line number="2217" hits="0"/>
						<line number="2218" hits="0"/>
						<line number="2227" hits="0"/>
						<line number="2230" hits="1"/>
						<line number="2231" hits="1"/>
						<line number="2240" hits="1"/>
						<line number="2241" hits="1"/>
						<line number="2242" hits="0"/>
						<line number="2243" hits="1"/>
						<line number="2244" hits="0"/>
						<line number="2245" hits="1"/>
						<line number="2246" hits="0"/>
						<line number="2249" hits="1"/>
						<line number="2251" hits="1"/>
						<line number="2272" hits="1"/>
						<line number="2273" hits="1"/>
						<line number="2274" hits="1"/>
						<line number="2275" hits="1"/>
						<line number="2276" hits="1"/>
						<line number="2277" hits="1"/>
						<line number="2278" hits="1"/>
						<line number="2279" hits="1"/>
						<line number="2280" hits="1"/>
						<line number="2281" hits="1"/>
						<line number="2282" hits="1"/>
						<line number="2286" hits="1"/>
						<line number="2287" hits="1"/>
						<line number="2288" hits="1"/>
						<line number="2289" hits="1"/>
						<line number="2292" hits="1"/>
						<line number="2293" hits="1"/>
						<line number="2294" hits="1"/>
						<line number="2295" hits="1"/>
						<line number="2296" hits="1"/>
						<line number="2297" hits="1"/>
						<line number="2298" hits="1"/>
						<line number="2301" hits="1"/>
						<line number="2302" hits="1"/>
						<line number="2303" hits="1"/>
						<line number="2304" hits="1"/>
						<line number="2305" hits="1"/>
						<line number="2306" hits="1"/>
						<line number="2308" hits="0"/>
						<line number="2312" hits="1"/>
						<line number="2314" hits="1"/>
						<line number="2316" hits="1"/>
						<line number="2317" hits="1"/>
						<line number="2318" hits="1"/>
						<line number="2319" hits="1"/>
						<line number="2320" hits="1"/>
						<line number="2321" hits="1"/>
						<line number="2322" hits="1"/>
						<line number="2323" hits="1"/>
						<line number="2324" hits="1"/>
						<line number="2325" hits="1"/>
						<line number="2326" hits="1"/>
						<line number="2327" hits="1"/>
						<line number="2328" hits="1"/>
						<line number="2329" hits="1"/>
						<line number="2330" hits="1"/>
						<line number="2339" hits="1"/>
						<line number="2349" hits="1"/>
						<line number="2350" hits="1"/>
						<line number="2351" hits="1"/>
						<line number="2352" hits="1"/>
						<line number="2354" hits="1"/>
						<line number="2355" hits="1"/>
						<line number="2356" hits="1"/>
						<line number="2358" hits="1"/>
						<line number="2359" hits="1"/>
						<line number="2364" hits="1"/>
						<line number="2369" hits="1"/>
						<line number="2374" hits="1"/>
						<line number="2375" hits="1"/>
						<line number="2376" hits="1"/>
						<line number="2377" hits="1"/>
						<line number="2380" hits="1"/>
						<line number="2381" hits="1"/>
						<line number="2382" hits="1"/>
						<line number="2383" hits="1"/>
						<line number="2385" hits="1"/>
						<line number="2386" hits="1"/>
						<line number="2387" hits="1"/>
						<line number="2388" hits="1"/>
						<line number="2389" hits="1"/>
						<line number="2394" hits="1"/>
						<line number="2395" hits="1"/>
						<line number="2396" hits="1"/>
						<line number="2397" hits="1"/>
						<line number="2398" hits="0"/>
						<line number="2399" hits="0"/>
						<line number="2401" hits="0"/>
						<line number="2405" hits="1"/>
						<line number="2406" hits="1"/>
						<line number="2407" hits="1"/>
						<line number="2410" hits="1"/>
						<line number="2431" hits="1"/>
						<line number="2432" hits="1"/>
						<line number="2433" hits="1"/>
						<line number="2435" hits="1"/>
						<line number="2436" hits="1"/>
						<line number="2437" hits="1"/>
						<line number="2438" hits="1"/>
						<line number="2439" hits="1"/>
						<line number="2440" hits="1"/>
						<line number="2441" hits="1"/>
						<line number="2442" hits="1"/>
						<line number="2443" hits="1"/>
						<line number="2444" hits="1"/>
						<line number="2445" hits="1"/>
						<line number="2446" hits="1"/>
						<line number="2447" hits="1"/>
						<line number="2448" hits="1"/>
						<line number="2451" hits="1"/>
						<line number="2452" hits="1"/>
						<line number="2456" hits="1"/>
						<line number="2459" hits="1"/>
						<line number="2461" hits="1"/>
						<line number="2462" hits="0"/>
						<line number="2469" hits="1"/>
						<line number="2471" hits="1"/>
						<line number="2472" hits="1"/>
						<line number="2473" hits="1"/>
						<line number="2474" hits="1"/>
						<line number="2475" hits="1"/>
						<line number="2476" hits="1"/>
						<line number="2477" hits="1"/>
						<line number="2479" hits="1"/>
						<line number="2481" hits="1"/>
						<line number="2482" hits="1"/>
						<line number="2483" hits="1"/>
						<line number="2484" hits="1"/>
						<line number="2485" hits="1"/>
						<line number="2486" hits="1"/>
						<line number="2489" hits="1"/>
						<line number="2491" hits="1"/>
						<line number="2494" hits="1"/>
						<line number="2495" hits="1"/>
						<line number="2496" hits="1"/>
						<line number="2498" hits="1"/>
						<line number="2504" hits="1"/>
						<line number="2505" hits="1"/>
						<line number="2506" hits="1"/>
						<line number="2507" hits="1"/>
						<line number="2509" hits="1"/>
						<line number="2510" hits="1"/>
						<line number="2512" hits="1"/>
						<line number="2513" hits="1"/>
						<line number="2514" hits="1"/>
						<line number="2515" hits="1"/>
						<line number="2516" hits="1"/>
						<line number="2517" hits="1"/>
						<line number="2518" hits="1"/>
						<line number="2520" hits="1"/>
						<line number="2521" hits="1"/>
						<line number="2522" hits="1"/>
						<line number="2523" hits="1"/>
						<line number="2527" hits="1"/>
						<line number="2528" hits="1"/>
						<line number="2529" hits="1"/>
						<line number="2530" hits="1"/>
						<line number="2531" hits="1"/>
						<line number="2533" hits="1"/>
						<line number="2534" hits="1"/>
						<line number="2535" hits="1"/>
						<line number="2536" hits="1"/>
						<line number="2537" hits="1"/>
						<line number="2538" hits="1"/>
						<line number="2540" hits="1"/>
						<line number="2541" hits="1"/>
						<line number="2542" hits="1"/>
						<line number="2543" hits="1"/>
						<line number="2544" hits="1"/>
						<line number="2545" hits="1"/>
						<line number="2546" hits="1"/>
						<line number="2548" hits="1"/>
						<line number="2549" hits="1"/>
						<line number="2550" hits="1"/>
						<line number="2551" hits="1"/>
						<line number="2552" hits="1"/>
						<line number="2553" hits="1"/>
						<line number="2554" hits="1"/>
						<line number="2555" hits="1"/>
						<line number="2556" hits="1"/>
						<line number="2557" hits="1"/>
						<line number="2558" hits="1"/>
						<line number="2560" hits="1"/>
						<line number="2561" hits="1"/>
						<line number="2562" hits="1"/>
						<line number="2563" hits="1"/>
						<line number="2564" hits="1"/>
						<line number="2565" hits="1"/>
						<line number="2566" hits="1"/>
						<line number="2567" hits="1"/>
						<line number="2568" hits="1"/>
						<line number="2569" hits="1"/>
						<line number="2571" hits="1"/>
						<line number="2572" hits="1"/>
						<line number="2573" hits="1"/>
						<line number="2574" hits="1"/>
						<line number="2575" hits="1"/>
						<line number="2576" hits="1"/>
						<line number="2579" hits="1"/>
						<line number="2580" hits="1"/>
						<line number="2583" hits="1"/>
						<line number="2584" hits="1"/>
						<line number="2585" hits="1"/>
						<line number="2588" hits="1"/>
						<line number="2589" hits="1"/>
						<line number="2590" hits="1"/>
						<line number="2596" hits="1"/>
						<line number="2597" hits="1"/>
						<line number="2598" hits="1"/>
						<line number="2599" hits="1"/>
						<line number="2600" hits="1"/>
						<line number="2601" hits="1"/>
						<line number="2602" hits="1"/>
						<line number="2603" hits="1"/>
						<line number="2604" hits="1"/>
						<line number="2607" hits="1"/>
						<line number="2609" hits="1"/>
						<line number="2610" hits="1"/>
						<line number="2613" hits="1"/>
						<line number="2614" hits="1"/>
						<line number="2615" hits="1"/>
						<line number="2616" hits="1"/>
						<line number="2621" hits="1"/>
						<line number="2622" hits="1"/>
						<line number="2623" hits="1"/>
						<line number="2624" hits="1"/>
						<line number="2626" hits="1"/>
						<line number="2630" hits="1"/>
						<line number="2631" hits="1"/>
						<line number="2632" hits="1"/>
						<line number="2633" hits="1"/>
						<line number="2636" hits="1"/>
						<line number="2671" hits="1"/>
						<line number="2672" hits="1"/>
						<line number="2673" hits="1"/>
						<line number="2674" hits="1"/>
						<line number="2675" hits="1"/>
						<line number="2676" hits="1"/>
						<line number="2680" hits="1"/>
						<line number="2681" hits="1"/>
						<line number="2687" hits="1"/>
						<line number="2689" hits="1"/>
						<line number="2691" hits="1"/>
						<line number="2692" hits="1"/>
						<line number="2693" hits="1"/>
						<line number="2694" hits="1"/>
						<line number="2696" hits="1"/>
						<line number="2697" hits="1"/>
						<line number="2698" hits="1"/>
						<line number="2702" hits="1"/>
						<line number="2704" hits="1"/>
						<line number="2706" hits="1"/>
						<line number="2707" hits="1"/>
						<line number="2708" hits="1"/>
						<line number="2709" hits="1"/>
						<line number="2711" hits="1"/>
						<line number="2712" hits="1"/>
						<line number="2713" hits="1"/>
						<line number="2715" hits="1"/>
						<line number="2716" hits="1"/>
						<line number="2717" hits="1"/>
						<line number="2718" hits="1"/>
						<line number="2719" hits="1"/>
						<line number="2720" hits="1"/>
						<line number="2721" hits="1"/>
						<line number="2723" hits="1"/>
						<line number="2735" hits="1"/>
						<line number="2736" hits="1"/>
						<line number="2737" hits="1"/>
						<line number="2738" hits="1"/>
						<line number="2739" hits="1"/>
						<line number="2740" hits="1"/>
						<line number="2741" hits="1"/>
						<line number="2742" hits="1"/>
						<line number="2744" hits="1"/>
						<line number="2745" hits="1"/>
						<line number="2746" hits="1"/>
						<line number="2748" hits="1"/>
						<line number="2749" hits="1"/>
						<line number="2751" hits="1"/>
						<line number="2752" hits="1"/>
						<line number="2753" hits="1"/>
						<line number="2754" hits="1"/>
						<line number="2756" hits="1"/>
						<line number="2761" hits="1"/>
						<line number="2763" hits="1"/>
						<line number="2764" hits="1"/>
						<line number="2765" hits="1"/>
						<line number="2766" hits="1"/>
						<line number="2768" hits="1"/>
						<line number="2769" hits="1"/>
						<line number="2771" hits="1"/>
						<line number="2777" hits="1"/>
						<line number="2779" hits="1"/>
						<line number="2780" hits="1"/>
						<line number="2781" hits="1"/>
						<line number="2782" hits="1"/>
						<line number="2783" hits="1"/>
						<line number="2784" hits="1"/>
						<line number="2785" hits="1"/>
						<line number="2786" hits="1"/>
						<line number="2788" hits="1"/>
						<line number="2789" hits="1"/>
						<line number="2790" hits="1"/>
						<line number="2792" hits="1"/>
						<line number="2793" hits="1"/>
						<line number="2798" hits="0"/>
						<line number="2799" hits="1"/>
						<line number="2800" hits="1"/>
						<line number="2801" hits="1"/>
						<line number="2803" hits="1"/>
						<line number="2804" hits="1"/>
						<line number="2805" hits="1"/>
						<line number="2806" hits="1"/>
						<line number="2808" hits="1"/>
						<line number="2810" hits="1"/>
						<line number="2818" hits="1"/>
						<line number="2820" hits="1"/>
						<line number="2821" hits="1"/>
						<line number="2822" hits="1"/>
						<line number="2823" hits="1"/>
						<line number="2824" hits="1"/>
						<line number="2825" hits="1"/>
						<line number="2826" hits="1"/>
						<line number="2827" hits="1"/>
						<line number="2829" hits="1"/>
						<line number="2830" hits="1"/>
						<line number="2831" hits="1"/>
						<line number="2833" hits="1"/>
						<line number="2834" hits="1"/>
						<line number="2835" hits="1"/>
						<line number="2836" hits="1"/>
						<line number="2838" hits="0"/>
						<line number="2839" hits="1"/>
						<line number="2840" hits="1"/>
						<line number="2841" hits="1"/>
						<line number="2843" hits="1"/>
						<line number="2844" hits="1"/>
						<line number="2845" hits="1"/>
						<line number="2846" hits="1"/>
						<line number="2848" hits="1"/>
						<line number="2849" hits="1"/>
						<line number="2856" hits="1"/>
						<line number="2858" hits="1"/>
						<line number="2859" hits="1"/>
						<line number="2866" hits="1"/>
						<line number="2868" hits="1"/>
						<line number="2869" hits="1"/>
						<line number="2881" hits="1"/>
						<line number="2882" hits="0"/>
						<line number="2883" hits="0"/>
						<line number="2884" hits="1"/>
						<line number="2886" hits="1"/>
						<line number="2887" hits="1"/>
						<line number="2889" hits="1"/>
						<line number="2891" hits="1"/>
						<line number="2892" hits="1"/>
						<line number="2893" hits="1"/>
						<line number="2894" hits="1"/>
						<line number="2896" hits="1"/>
						<line number="2897" hits="1"/>
						<line number="2899" hits="1"/>
						<line number="2901" hits="1"/>
						<line number="2902" hits="1"/>
						<line number="2903" hits="1"/>
						<line number="2904" hits="1"/>
						<line number="2905" hits="1"/>
						<line number="2907" hits="1"/>
						<line number="2908" hits="1"/>
						<line number="2909" hits="1"/>
						<line number="2910" hits="1"/>
						<line number="2911" hits="1"/>
						<line number="2914" hits="1"/>
						<line number="2915" hits="1"/>
						<line number="2916" hits="1"/>
						<line number="2918" hits="1"/>
						<line number="2919" hits="1"/>
						<line number="2920" hits="1"/>
						<line number="2921" hits="1"/>
						<line number="2922" hits="1"/>
						<line number="2923" hits="1"/>
						<line number="2924" hits="1"/>
						<line number="2925" hits="1"/>
						<line number="2926" hits="1"/>
						<line number="2927" hits="1"/>
						<line number="2928" hits="1"/>
						<line number="2934" hits="1"/>
						<line number="2935" hits="1"/>
						<line number="2936" hits="1"/>
						<line number="2937" hits="1"/>
						<line number="2939" hits="1"/>
						<line number="2940" hits="1"/>
						<line number="2941" hits="1"/>
						<line number="2942" hits="1"/>
						<line number="2943" hits="1"/>
						<line number="2945" hits="1"/>
						<line number="2946" hits="1"/>
						<line number="2947" hits="1"/>
						<line number="2948" hits="1"/>
						<line number="2949" hits="1"/>
						<line number="2950" hits="1"/>
						<line number="2951" hits="1"/>
						<line number="2953" hits="1"/>
						<line number="2954" hits="1"/>
						<line number="2955" hits="1"/>
						<line number="2956" hits="1"/>
						<line number="2957" hits="1"/>
						<line number="2958" hits="1"/>
						<line number="2960" hits="1"/>
						<line number="2961" hits="1"/>
						<line number="2963" hits="1"/>
						<line number="2965" hits="1"/>
						<line number="2966" hits="1"/>
						<line number="2967" hits="1"/>
						<line number="2968" hits="1"/>
						<line number="2969" hits="1"/>
						<line number="2972" hits="1"/>
						<line number="2975" hits="1"/>
						<line number="2976" hits="1"/>
						<line number="2977" hits="1"/>
						<line number="2978" hits="1"/>
						<line number="2979" hits="1"/>
						<line number="2981" hits="1"/>
						<line number="2982" hits="1"/>
						<line number="2983" hits="1"/>
						<line number="2984" hits="1"/>
						<line number="2986" hits="1"/>
						<line number="2987" hits="1"/>
						<line number="2989" hits="1"/>
						<line number="2990" hits="1"/>
						<line number="2991" hits="1"/>
						<line number="2993" hits="1"/>
						<line number="2994" hits="1"/>
						<line number="2995" hits="1"/>
						<line number="2996" hits="1"/>
						<line number="2997" hits="1"/>
						<line number="2998" hits="1"/>
						<line number="2999" hits="1"/>
						<line number="3000" hits="1"/>
						<line number="3002" hits="1"/>
						<line number="3003" hits="1"/>
						<line number="3004" hits="1"/>
						<line number="3005" hits="1"/>
						<line number="3007" hits="1"/>
						<line number="3011" hits="1"/>
						<line number="3012" hits="1"/>
						<line number="3013" hits="1"/>
						<line number="3014" hits="1"/>
						<line number="3015" hits="1"/>
						<line number="3017" hits="1"/>
						<line number="3018" hits="1"/>
						<line number="3019" hits="1"/>
						<line number="3020" hits="1"/>
						<line number="3021" hits="1"/>
						<line number="3022" hits="1"/>
						<line number="3024" hits="1"/>
						<line number="3025" hits="1"/>
						<line number="3026" hits="1"/>
						<line number="3028" hits="1"/>
						<line number="3030" hits="1"/>
						<line number="3031" hits="1"/>
						<line number="3032" hits="1"/>
						<line number="3033" hits="1"/>
						<line number="3034" hits="1"/>
						<line number="3035" hits="1"/>
						<line number="3036" hits="1"/>
						<line number="3037" hits="1"/>
						<line number="3038" hits="1"/>
						<line number="3039" hits="1"/>
						<line number="3040" hits="1"/>
						<line number="3041" hits="1"/>
						<line number="3042" hits="1"/>
						<line number="3043" hits="1"/>
						<line number="3044" hits="1"/>
						<line number="3045" hits="1"/>
						<line number="3047" hits="1"/>
						<line number="3049" hits="1"/>
						<line number="3050" hits="0"/>
						<line number="3053" hits="1"/>
						<line number="3054" hits="1"/>
						<line number="3055" hits="1"/>
						<line number="3056" hits="1"/>
						<line number="3057" hits="1"/>
						<line number="3058" hits="1"/>
						<line number="3059" hits="1"/>
						<line number="3060" hits="1"/>
						<line number="3062" hits="1"/>
						<line number="3063" hits="1"/>
						<line number="3064" hits="1"/>
						<line number="3065" hits="1"/>
						<line number="3066" hits="1"/>
						<line number="3068" hits="1"/>
						<line number="3069" hits="1"/>
						<line number="3070" hits="1"/>
						<line number="3071" hits="1"/>
						<line number="3072" hits="1"/>
						<line number="3073" hits="1"/>
						<line number="3074" hits="1"/>
						<line number="3075" hits="1"/>
						<line number="3076" hits="1"/>
						<line number="3077" hits="1"/>
						<line number="3078" hits="1"/>
						<line number="3080" hits="1"/>
						<line number="3081" hits="1"/>
						<line number="3082" hits="1"/>
						<line number="3084" hits="1"/>
						<line number="3102" hits="1"/>
						<line number="3105" hits="1"/>
						<line number="3108" hits="1"/>
						<line number="3111" hits="1"/>
						<line number="3114" hits="1"/>
						<line number="3117" hits="1"/>
						<line number="3119" hits="1"/>
						<line number="3122" hits="1"/>
						<line number="3123" hits="1"/>
						<line number="3125" hits="1"/>
						<line number="3127" hits="1"/>
						<line number="3130" hits="1"/>
						<line number="3131" hits="1"/>
						<line number="3132" hits="1"/>
						<line number="3133" hits="1"/>
						<line number="3134" hits="1"/>
						<line number="3135" hits="1"/>
						<line number="3137" hits="1"/>
						<line number="3138" hits="1"/>
						<line number="3140" hits="1"/>
						<line number="3142" hits="1"/>
						<line number="3143" hits="1"/>
						<line number="3144" hits="1"/>
						<line number="3145" hits="1"/>
						<line number="3146" hits="1"/>
						<line number="3147" hits="1"/>
						<line number="3148" hits="1"/>
						<line number="3149" hits="1"/>
						<line number="3156" hits="1"/>
						<line number="3157" hits="1"/>
						<line number="3163" hits="0"/>
						<line number="3168" hits="0"/>
						<line number="3169" hits="1"/>
						<line number="3170" hits="1"/>
						<line number="3171" hits="1"/>
						<line number="3172" hits="1"/>
						<line number="3173" hits="1"/>
						<line number="3174" hits="1"/>
						<line number="3175" hits="1"/>
						<line number="3177" hits="0"/>
						<line number="3178" hits="1"/>
						<line number="3180" hits="1"/>
						<line number="3181" hits="1"/>
						<line number="3182" hits="1"/>
						<line number="3184" hits="1"/>
						<line number="3185" hits="1"/>
						<line number="3186" hits="1"/>
						<line number="3188" hits="1"/>
						<line number="3189" hits="1"/>
						<line number="3190" hits="1"/>
						<line number="3191" hits="1"/>
						<line number="3192" hits="1"/>
						<line number="3197" hits="1"/>
						<line number="3198" hits="1"/>
						<line number="3199" hits="1"/>
						<line number="3200" hits="1"/>
						<line number="3202" hits="1"/>
						<line number="3205" hits="1"/>
						<line number="3206" hits="1"/>
						<line number="3207" hits="1"/>
						<line number="3208" hits="1"/>
						<line number="3209" hits="1"/>
						<line number="3212" hits="1"/>
						<line number="3213" hits="1"/>
						<line number="3215" hits="1"/>
						<line number="3216" hits="1"/>
						<line number="3217" hits="1"/>
						<line number="3218" hits="1"/>
						<line number="3219" hits="1"/>
						<line number="3220" hits="1"/>
						<line number="3221" hits="1"/>
						<line number="3222" hits="1"/>
						<line number="3227" hits="1"/>
						<line number="3228" hits="1"/>
						<line number="3230" hits="1"/>
						<line number="3231" hits="1"/>
						<line number="3232" hits="1"/>
						<line number="3234" hits="1"/>
						<line number="3235" hits="1"/>
						<line number="3237" hits="1"/>
						<line number="3238" hits="1"/>
						<line number="3239" hits="1"/>
						<line number="3240" hits="1"/>
						<line number="3241" hits="1"/>
						<line number="3242" hits="0"/>
						<line number="3243" hits="1"/>
						<line number="3244" hits="1"/>
						<line number="3245" hits="0"/>
						<line number="3246" hits="1"/>
						<line number="3252" hits="1"/>
						<line number="3253" hits="1"/>
						<line number="3254" hits="1"/>
						<line number="3256" hits="1"/>
						<line number="3259" hits="1"/>
						<line number="3260" hits="1"/>
						<line number="3261" hits="1"/>
						<line number="3268" hits="1"/>
						<line number="3271" hits="1"/>
						<line number="3272" hits="1"/>
						<line number="3273" hits="1"/>
						<line number="3274" hits="1"/>
						<line number="3275" hits="1"/>
						<line number="3277" hits="1"/>
						<line number="3278" hits="1"/>
						<line number="3279" hits="1"/>
						<line number="3281" hits="1"/>
						<line number="3283" hits="1"/>
						<line number="3284" hits="1"/>
						<line number="3285" hits="1"/>
						<line number="3286" hits="1"/>
						<line number="3287" hits="1"/>
						<line number="3288" hits="1"/>
						<line number="3289" hits="1"/>
						<line number="3290" hits="1"/>
						<line number="3292" hits="1"/>
						<line number="3293" hits="1"/>
						<line number="3294" hits="1"/>
						<line number="3296" hits="1"/>
						<line number="3297" hits="1"/>
						<line number="3298" hits="1"/>
						<line number="3299" hits="1"/>
						<line number="3300" hits="1"/>
						<line number="3301" hits="1"/>
						<line number="3302" hits="0"/>
						<line number="3303" hits="1"/>
						<line number="3304" hits="1"/>
						<line number="3305" hits="1"/>
						<line number="3306" hits="1"/>
						<line number="3308" hits="1"/>
						<line number="3335" hits="1"/>
						<line number="3336" hits="0"/>
						<line number="3343" hits="1"/>
						<line number="3344" hits="0"/>
						<line number="3345" hits="1"/>
						<line number="3348" hits="1"/>
						<line number="3351" hits="1"/>
						<line number="3354" hits="1"/>
						<line number="3357" hits="1"/>
						<line number="3358" hits="1"/>
						<line number="3359" hits="1"/>
						<line number="3360" hits="1"/>
						<line number="3362" hits="1"/>
						<line number="3363" hits="1"/>
						<line number="3364" hits="1"/>
						<line number="3365" hits="1"/>
						<line number="3368" hits="1"/>
						<line number="3369" hits="1"/>
						<line number="3370" hits="1"/>
						<line number="3371" hits="1"/>
						<line number="3372" hits="1"/>
						<line number="3374" hits="1"/>
						<line number="3375" hits="1"/>
						<line number="3376" hits="1"/>
						<line number="3377" hits="1"/>
						<line number="3378" hits="1"/>
						<line number="3384" hits="1"/>
						<line number="3385" hits="1"/>
						<line number="3386" hits="1"/>
						<line number="3387" hits="1"/>
						<line number="3388" hits="1"/>
						<line number="3393" hits="1"/>
						<line number="3395" hits="1"/>
						<line number="3398" hits="1"/>
						<line number="3399" hits="1"/>
						<line number="3400" hits="1"/>
						<line number="3401" hits="1"/>
						<line number="3402" hits="1"/>
						<line number="3403" hits="1"/>
						<line number="3404" hits="1"/>
						<line number="3405" hits="1"/>
						<line number="3406" hits="1"/>
						<line number="3407" hits="1"/>
						<line number="3408" hits="1"/>
						<line number="3409" hits="1"/>
						<line number="3410" hits="1"/>
						<line number="3411" hits="1"/>
						<line number="3412" hits="1"/>
						<line number="3413" hits="1"/>
						<line number="3414" hits="1"/>
						<line number="3416" hits="1"/>
						<line number="3442" hits="1"/>
						<line number="3443" hits="1"/>
						<line number="3444" hits="1"/>
						<line number="3446" hits="1"/>
						<line number="3447" hits="1"/>
						<line number="3448" hits="1"/>
						<line number="3450" hits="1"/>
						<line number="3451" hits="0"/>
						<line number="3452" hits="1"/>
						<line number="3453" hits="1"/>
						<line number="3454" hits="1"/>
						<line number="3455" hits="1"/>
						<line number="3456" hits="1"/>
						<line number="3457" hits="1"/>
						<line number="3460" hits="1"/>
						<line number="3466" hits="1"/>
						<line number="3467" hits="1"/>
						<line number="3468" hits="1"/>
						<line number="3469" hits="1"/>
						<line number="3470" hits="0"/>
						<line number="3471" hits="1"/>
						<line number="3473" hits="1"/>
						<line number="3496" hits="0"/>
						<line number="3497" hits="0"/>
						<line number="3498" hits="0"/>
						<line number="3499" hits="0"/>
						<line number="3500" hits="0"/>
						<line number="3502" hits="0"/>
						<line number="3503" hits="0"/>
						<line number="3504" hits="0"/>
						<line number="3505" hits="0"/>
						<line number="3506" hits="0"/>
						<line number="3507" hits="0"/>
						<line number="3508" hits="0"/>
						<line number="3509" hits="0"/>
						<line number="3510" hits="0"/>
						<line number="3512" hits="0"/>
						<line number="3513" hits="0"/>
						<line number="3514" hits="0"/>
						<line number="3515" hits="0"/>
						<line number="3516" hits="0"/>
						<line number="3517" hits="0"/>
						<line number="3518" hits="0"/>
						<line number="3519" hits="0"/>
						<line number="3520" hits="0"/>
						<line number="3521" hits="0"/>
						<line number="3523" hits="0"/>
						<line number="3524" hits="0"/>
						<line number="3526" hits="1"/>
						<line number="3533" hits="1"/>
						<line number="3534" hits="1"/>
						<line number="3535" hits="1"/>
						<line number="3538" hits="1"/>
						<line number="3539" hits="1"/>
						<line number="3542" hits="1"/>
						<line number="3543" hits="1"/>
						<line number="3544" hits="1"/>
						<line number="3545" hits="1"/>
						<line number="3547" hits="1"/>
						<line number="3549" hits="1"/>
						<line number="3556" hits="1"/>
						<line number="3557" hits="0"/>
						<line number="3558" hits="0"/>
						<line number="3559" hits="0"/>
						<line number="3562" hits="0"/>
						<line number="3565" hits="0"/>
						<line number="3568" hits="0"/>
						<line number="3569" hits="0"/>
						<line number="3570" hits="0"/>
						<line number="3572" hits="0"/>
						<line number="3575" hits="0"/>
						<line number="3576" hits="0"/>
						<line number="3577" hits="0"/>
						<line number="3578" hits="0"/>
						<line number="3579" hits="0"/>
						<line number="3583" hits="0"/>
						<line number="3585" hits="1"/>
						<line number="3620" hits="1"/>
						<line number="3622" hits="1"/>
						<line number="3623" hits="1"/>
						<line number="3624" hits="1"/>
						<line number="3625" hits="1"/>
						<line number="3626" hits="1"/>
						<line number="3627" hits="1"/>
						<line number="3628" hits="0"/>
						<line number="3629" hits="1"/>
						<line number="3631" hits="1"/>
						<line number="3633" hits="1"/>
						<line number="3634" hits="1"/>
						<line number="3635" hits="1"/>
						<line number="3637" hits="1"/>
						<line number="3638" hits="1"/>
						<line number="3639" hits="1"/>
						<line number="3640" hits="0"/>
						<line number="3641" hits="1"/>
						<line number="3642" hits="1"/>
						<line number="3643" hits="1"/>
						<line number="3644" hits="1"/>
						<line number="3646" hits="1"/>
						<line number="3647" hits="1"/>
						<line number="3649" hits="1"/>
						<line number="3650" hits="1"/>
						<line number="3651" hits="1"/>
						<line number="3652" hits="0"/>
						<line number="3653" hits="1"/>
						<line number="3654" hits="1"/>
						<line number="3655" hits="1"/>
						<line number="3656" hits="1"/>
						<line number="3657" hits="1"/>
						<line number="3658" hits="1"/>
						<line number="3659" hits="0"/>
						<line number="3660" hits="1"/>
						<line number="3663" hits="1"/>
						<line number="3665" hits="1"/>
						<line number="3708" hits="1"/>
						<line number="3711" hits="1"/>
						<line number="3712" hits="1"/>
						<line number="3713" hits="1"/>
						<line number="3715" hits="0"/>
						<line number="3716" hits="1"/>
						<line number="3717" hits="0"/>
						<line number="3719" hits="0"/>
						<line number="3720" hits="0"/>
						<line number="3721" hits="0"/>
						<line number="3722" hits="0"/>
						<line number="3723" hits="0"/>
						<line number="3724" hits="0"/>
						<line number="3725" hits="0"/>
						<line number="3726" hits="0"/>
						<line number="3727" hits="0"/>
						<line number="3728" hits="1"/>
						<line number="3731" hits="1"/>
						<line number="3734" hits="1"/>
						<line number="3753" hits="1"/>
						<line number="3799" hits="0"/>
						<line number="3800" hits="0"/>
						<line number="3801" hits="0"/>
						<line number="3802" hits="0"/>
						<line number="3803" hits="0"/>
						<line number="3804" hits="0"/>
						<line number="3805" hits="0"/>
						<line number="3806" hits="0"/>
						<line number="3808" hits="0"/>
						<line number="3809" hits="0"/>
						<line number="3810" hits="0"/>
						<line number="3811" hits="0"/>
						<line number="3812" hits="0"/>
						<line number="3813" hits="0"/>
						<line number="3814" hits="0"/>
						<line number="3817" hits="0"/>
						<line number="3818" hits="0"/>
						<line number="3820" hits="0"/>
						<line number="3821" hits="0"/>
						<line number="3822" hits="0"/>
						<line number="3824" hits="0"/>
						<line number="3825" hits="0"/>
						<line number="3826" hits="0"/>
						<line number="3828" hits="0"/>
						<line number="3829" hits="0"/>
						<line number="3830" hits="0"/>
						<line number="3831" hits="0"/>
						<line number="3833" hits="0"/>
						<line number="3834" hits="0"/>
						<line number="3835" hits="0"/>
[...]
			<classes>
				<class name="__init__.py" filename="src/carbs/utilities/__init__.py" complexity="0" line-rate="1" branch-rate="0">
					<methods/>
					<lines/>
				</class>
				<class name="graphs.py" filename="src/carbs/utilities/graphs.py" complexity="0" line-rate="0.9438" branch-rate="0">
					<methods/>
					<lines>
						<line number="5" hits="1"/>
						<line number="6" hits="1"/>
						<line number="8" hits="1"/>
						<line number="11" hits="1"/>
						<line number="42" hits="1"/>
						<line number="43" hits="0"/>
						<line number="44" hits="0"/>
						<line number="45" hits="0"/>
						<line number="47" hits="1"/>
						<line number="48" hits="1"/>
						<line number="50" hits="1"/>
						<line number="52" hits="1"/>
						<line number="53" hits="1"/>
						<line number="56" hits="1"/>
						<line number="57" hits="1"/>
						<line number="58" hits="1"/>
						<line number="60" hits="1"/>
						<line number="61" hits="1"/>
						<line number="62" hits="1"/>
						<line number="64" hits="1"/>
						<line number="65" hits="1"/>
						<line number="66" hits="1"/>
						<line number="67" hits="1"/>
						<line number="68" hits="1"/>
						<line number="70" hits="1"/>
						<line number="72" hits="1"/>
						<line number="73" hits="1"/>
						<line number="74" hits="1"/>
						<line number="76" hits="1"/>
						<line number="77" hits="1"/>
						<line number="78" hits="1"/>
						<line number="79" hits="1"/>
						<line number="81" hits="1"/>
						<line number="84" hits="1"/>
						<line number="85" hits="1"/>
						<line number="86" hits="0"/>
						<line number="87" hits="0"/>
						<line number="88" hits="0"/>
						<line number="90" hits="1"/>
						<line number="91" hits="1"/>
						<line number="92" hits="0"/>
						<line number="94" hits="1"/>
						<line number="95" hits="1"/>
						<line number="96" hits="1"/>
						<line number="98" hits="1"/>
						<line number="99" hits="1"/>
						<line number="101" hits="1"/>
						<line number="102" hits="1"/>
						<line number="104" hits="1"/>
						<line number="105" hits="1"/>
						<line number="106" hits="1"/>
						<line number="107" hits="1"/>
						<line number="109" hits="1"/>
						<line number="110" hits="1"/>
						<line number="111" hits="1"/>
						<line number="112" hits="1"/>
						<line number="113" hits="1"/>
						<line number="114" hits="1"/>
						<line number="116" hits="1"/>
						<line number="117" hits="1"/>
						<line number="118" hits="1"/>
						<line number="119" hits="1"/>
						<line number="121" hits="1"/>
						<line number="122" hits="1"/>
						<line number="123" hits="1"/>
						<line number="124" hits="1"/>
						<line number="125" hits="1"/>
						<line number="126" hits="1"/>
						<line number="128" hits="1"/>
						<line number="129" hits="1"/>
						<line number="130" hits="1"/>
						<line number="131" hits="1"/>
						<line number="132" hits="1"/>
						<line number="136" hits="1"/>
						<line number="137" hits="1"/>
						<line number="138" hits="1"/>
						<line number="139" hits="1"/>
						<line number="140" hits="1"/>
						<line number="142" hits="1"/>
						<line number="143" hits="1"/>
						<line number="144" hits="1"/>
						<line number="145" hits="1"/>
						<line number="147" hits="1"/>
						<line number="148" hits="1"/>
						<line number="149" hits="1"/>
						<line number="150" hits="1"/>
						<line number="151" hits="1"/>
						<line number="152" hits="1"/>
						<line number="154" hits="1"/>
						<line number="155" hits="1"/>
						<line number="156" hits="1"/>
						<line number="157" hits="1"/>
						<line number="158" hits="1"/>
						<line number="159" hits="1"/>
						<line number="160" hits="1"/>
						<line number="162" hits="1"/>
						<line number="163" hits="1"/>
						<line number="164" hits="1"/>
						<line number="166" hits="1"/>
						<line number="169" hits="1"/>
						<line number="230" hits="1"/>
						<line number="231" hits="1"/>
						<line number="233" hits="1"/>
						<line number="234" hits="1"/>
						<line number="236" hits="1"/>
						<line number="237" hits="1"/>
						<line number="238" hits="1"/>
						<line number="240" hits="1"/>
						<line number="243" hits="1"/>
						<line number="271" hits="1"/>
						<line number="276" hits="1"/>
						<line number="277" hits="1"/>
						<line number="278" hits="1"/>
						<line number="279" hits="1"/>
						<line number="280" hits="1"/>
						<line number="281" hits="1"/>
						<line number="282" hits="1"/>
						<line number="283" hits="1"/>
						<line number="284" hits="1"/>
						<line number="285" hits="1"/>
						<line number="286" hits="1"/>
						<line number="287" hits="1"/>
						<line number="288" hits="1"/>
						<line number="290" hits="1"/>
						<line number="291" hits="1"/>
						<line number="292" hits="1"/>
						<line number="293" hits="1"/>
						<line number="294" hits="1"/>
						<line number="295" hits="1"/>
						<line number="296" hits="1"/>
						<line number="297" hits="1"/>
						<line number="298" hits="1"/>
						<line number="299" hits="1"/>
						<line number="300" hits="1"/>
						<line number="301" hits="1"/>
						<line number="302" hits="1"/>
						<line number="304" hits="1"/>
						<line number="305" hits="1"/>
						<line number="306" hits="1"/>
						<line number="308" hits="1"/>
						<line number="311" hits="1"/>
						<line number="332" hits="1"/>
						<line number="333" hits="0"/>
						<line number="335" hits="1"/>
						<line number="336" hits="1"/>
						<line number="337" hits="1"/>
						<line number="339" hits="1"/>
						<line number="340" hits="1"/>
						<line number="341" hits="1"/>
						<line number="343" hits="1"/>
						<line number="345" hits="1"/>
						<line number="346" hits="1"/>
						<line number="347" hits="1"/>
						<line number="350" hits="1"/>
						<line number="352" hits="1"/>
						<line number="353" hits="1"/>
						<line number="354" hits="1"/>
						<line number="357" hits="1"/>
						<line number="378" hits="1"/>
						<line number="379" hits="0"/>
						<line number="381" hits="1"/>
						<line number="382" hits="1"/>
						<line number="384" hits="1"/>
						<line number="385" hits="1"/>
						<line number="386" hits="1"/>
						<line number="388" hits="1"/>
						<line number="390" hits="1"/>
						<line number="391" hits="1"/>
						<line number="392" hits="1"/>
						<line number="395" hits="1"/>
						<line number="397" hits="1"/>
						<line number="398" hits="1"/>
						<line number="399" hits="1"/>
						<line number="402" hits="1"/>
						<line number="403" hits="1"/>
						<line number="404" hits="1"/>
						<line number="406" hits="1"/>
						<line number="407" hits="1"/>
						<line number="409" hits="1"/>
						<line number="411" hits="1"/>
						<line number="412" hits="1"/>
						<line number="413" hits="1"/>
						<line number="414" hits="1"/>
						<line number="416" hits="1"/>
						<line number="417" hits="1"/>
						<line number="418" hits="1"/>
						<line number="419" hits="1"/>
						<line number="421" hits="1"/>
						<line number="422" hits="1"/>
						<line number="424" hits="1"/>
						<line number="426" hits="1"/>
						<line number="427" hits="1"/>
						<line number="428" hits="1"/>
						<line number="429" hits="1"/>
						<line number="432" hits="1"/>
						<line number="433" hits="1"/>
						<line number="434" hits="1"/>
						<line number="436" hits="1"/>
						<line number="437" hits="1"/>
						<line number="439" hits="1"/>
						<line number="441" hits="1"/>
						<line number="442" hits="1"/>
						<line number="443" hits="1"/>
						<line number="444" hits="1"/>
						<line number="445" hits="1"/>
						<line number="447" hits="1"/>
						<line number="449" hits="1"/>
						<line number="451" hits="1"/>
						<line number="452" hits="1"/>
						<line number="454" hits="1"/>
						<line number="455" hits="0"/>
						<line number="458" hits="0"/>
						<line number="461" hits="0"/>
						<line number="463" hits="1"/>
						<line number="464" hits="1"/>
						<line number="465" hits="1"/>
						<line number="466" hits="1"/>
						<line number="468" hits="1"/>
						<line number="469" hits="1"/>
						<line number="470" hits="1"/>
						<line number="471" hits="1"/>
						<line number="473" hits="1"/>
						<line number="476" hits="1"/>
						<line number="487" hits="1"/>
						<line number="488" hits="1"/>
						<line number="489" hits="1"/>
						<line number="490" hits="1"/>
						<line number="495" hits="1"/>
						<line number="498" hits="1"/>
						<line number="501" hits="1"/>
						<line number="505" hits="1"/>
						<line number="506" hits="1"/>
						<line number="510" hits="1"/>
						<line number="539" hits="1"/>
						<line number="543" hits="1"/>
						<line number="545" hits="1"/>
						<line number="548" hits="1"/>
						<line number="549" hits="1"/>
						<line number="550" hits="1"/>
						<line number="551" hits="1"/>
						<line number="552" hits="1"/>
						<line number="553" hits="1"/>
						<line number="557" hits="1"/>
						<line number="558" hits="0"/>
						<line number="559" hits="0"/>
						<line number="562" hits="1"/>
						<line number="563" hits="1"/>
						<line number="566" hits="1"/>
						<line number="567" hits="1"/>
						<line number="570" hits="1"/>
						<line number="572" hits="1"/>
						<line number="574" hits="1"/>
						<line number="580" hits="1"/>
						<line number="594" hits="0"/>
						<line number="597" hits="1"/>
						<line number="598" hits="1"/>
						<line number="601" hits="1"/>
						<line number="604" hits="1"/>
						<line number="607" hits="1"/>
						<line number="609" hits="1"/>
						<line number="619" hits="1"/>
						<line number="622" hits="1"/>
						<line number="625" hits="1"/>
						<line number="636" hits="1"/>
						<line number="639" hits="1"/>
						<line number="640" hits="1"/>
						<line number="643" hits="1"/>
					</lines>
				</class>
				<class name="graphs_subroutines.py" filename="src/carbs/utilities/graphs_subroutines.py" complexity="0" line-rate="0.9211" branch-rate="0">
					<methods/>
					<lines>
						<line number="6" hits="1"/>
						<line number="9" hits="1"/>
						<line number="26" hits="1"/>
						<line number="27" hits="1"/>
						<line number="28" hits="1"/>
						<line number="29" hits="1"/>
						<line number="30" hits="0"/>
						<line number="31" hits="1"/>
						<line number="33" hits="1"/>
						<line number="34" hits="1"/>
						<line number="35" hits="1"/>
						<line number="36" hits="0"/>
						<line number="38" hits="1"/>
						<line number="39" hits="1"/>
						<line number="42" hits="1"/>
						<line number="43" hits="1"/>
						<line number="44" hits="1"/>
						<line number="45" hits="0"/>
						<line number="47" hits="1"/>
						<line number="48" hits="1"/>
						<line number="49" hits="1"/>
						<line number="51" hits="1"/>
						<line number="52" hits="1"/>
						<line number="54" hits="1"/>
						<line number="55" hits="1"/>
						<line number="56" hits="1"/>
						<line number="57" hits="1"/>
						<line number="59" hits="1"/>
						<line number="60" hits="1"/>
						<line number="63" hits="1"/>
						<line number="66" hits="1"/>
						<line number="67" hits="1"/>
						<line number="68" hits="1"/>
						<line number="69" hits="1"/>
						<line number="70" hits="1"/>
						<line number="71" hits="1"/>
						<line number="72" hits="1"/>
						<line number="74" hits="0"/>
						<line number="77" hits="0"/>
						<line number="80" hits="0"/>
						<line number="81" hits="0"/>
						<line number="82" hits="0"/>
						<line number="83" hits="0"/>
						<line number="84" hits="0"/>
						<line number="85" hits="0"/>
						<line number="86" hits="0"/>
						<line number="87" hits="0"/>
						<line number="89" hits="0"/>
						<line number="90" hits="0"/>
						<line number="92" hits="1"/>
						<line number="94" hits="1"/>
						<line number="96" hits="1"/>
						<line number="99" hits="1"/>
						<line number="101" hits="1"/>
						<line number="102" hits="1"/>
						<line number="103" hits="1"/>
						<line number="104" hits="1"/>
						<line number="105" hits="1"/>
						<line number="107" hits="1"/>
						<line number="111" hits="1"/>
						<line number="113" hits="1"/>
						<line number="114" hits="1"/>
						<line number="115" hits="1"/>
						<line number="116" hits="1"/>
						<line number="118" hits="1"/>
						<line number="119" hits="1"/>
						<line number="122" hits="1"/>
						<line number="127" hits="1"/>
						<line number="129" hits="1"/>
						<line number="130" hits="1"/>
						<line number="131" hits="1"/>
						<line number="132" hits="1"/>
						<line number="133" hits="1"/>
						<line number="134" hits="1"/>
						<line number="135" hits="1"/>
						<line number="136" hits="1"/>
						<line number="137" hits="1"/>
						<line number="138" hits="1"/>
						<line number="140" hits="1"/>
						<line number="141" hits="1"/>
						<line number="142" hits="1"/>
						<line number="143" hits="1"/>
						<line number="144" hits="1"/>
						<line number="146" hits="1"/>
						<line number="148" hits="1"/>
						<line number="149" hits="1"/>
						<line number="152" hits="1"/>
						<line number="154" hits="1"/>
						<line number="155" hits="1"/>
						<line number="156" hits="1"/>
						<line number="157" hits="1"/>
						<line number="159" hits="1"/>
						<line number="163" hits="1"/>
						<line number="165" hits="1"/>
						<line number="167" hits="1"/>
						<line number="168" hits="1"/>
						<line number="169" hits="1"/>
						<line number="170" hits="1"/>
						<line number="171" hits="1"/>
						<line number="172" hits="1"/>
						<line number="173" hits="1"/>
						<line number="175" hits="1"/>
						<line number="178" hits="1"/>
						<line number="179" hits="1"/>
						<line number="181" hits="1"/>
						<line number="182" hits="1"/>
						<line number="183" hits="1"/>
						<line number="184" hits="1"/>
						<line number="185" hits="1"/>
						<line number="186" hits="1"/>
						<line number="188" hits="1"/>
						<line number="190" hits="1"/>
						<line number="192" hits="1"/>
						<line number="193" hits="1"/>
						<line number="194" hits="1"/>
						<line number="195" hits="1"/>
						<line number="196" hits="1"/>
						<line number="198" hits="1"/>
						<line number="200" hits="1"/>
						<line number="201" hits="1"/>
						<line number="202" hits="1"/>
						<line number="203" hits="1"/>
						<line number="205" hits="1"/>
						<line number="206" hits="1"/>
						<line number="208" hits="1"/>
						<line number="212" hits="1"/>
						<line number="214" hits="1"/>
						<line number="215" hits="1"/>
						<line number="216" hits="1"/>
						<line number="217" hits="1"/>
						<line number="218" hits="1"/>
						<line number="219" hits="1"/>
						<line number="220" hits="1"/>
						<line number="221" hits="1"/>
						<line number="223" hits="1"/>
						<line number="224" hits="1"/>
						<line number="225" hits="1"/>
						<line number="226" hits="1"/>
						<line number="228" hits="1"/>
						<line number="229" hits="1"/>
						<line number="230" hits="1"/>
						<line number="231" hits="1"/>
						<line number="233" hits="1"/>
						<line number="237" hits="1"/>
						<line number="238" hits="1"/>
						<line number="239" hits="1"/>
						<line number="240" hits="1"/>
						<line number="241" hits="1"/>
						<line number="242" hits="1"/>
						<line number="245" hits="1"/>
						<line number="246" hits="1"/>
						<line number="247" hits="1"/>
						<line number="248" hits="1"/>
						<line number="249" hits="1"/>
						<line number="250" hits="1"/>
						<line number="251" hits="1"/>
						<line number="252" hits="1"/>
						<line number="254" hits="1"/>
						<line number="255" hits="1"/>
						<line number="258" hits="1"/>
						<line number="269" hits="1"/>
						<line number="270" hits="1"/>
						<line number="271" hits="1"/>
						<line number="273" hits="1"/>
						<line number="274" hits="1"/>
						<line number="275" hits="1"/>
						<line number="276" hits="1"/>
						<line number="277" hits="1"/>
						<line number="279" hits="1"/>
						<line number="280" hits="1"/>
						<line number="283" hits="1"/>
						<line number="284" hits="1"/>
						<line number="285" hits="1"/>
						<line number="288" hits="1"/>
						<line number="289" hits="1"/>
						<line number="290" hits="1"/>
						<line number="291" hits="1"/>
						<line number="292" hits="1"/>
						<line number="293" hits="1"/>
						<line number="294" hits="1"/>
						<line number="297" hits="1"/>
						<line number="298" hits="1"/>
						<line number="302" hits="1"/>
						<line number="303" hits="1"/>
						<line number="304" hits="1"/>
						<line number="306" hits="1"/>
						<line number="307" hits="1"/>
						<line number="308" hits="1"/>
						<line number="309" hits="1"/>
						<line number="311" hits="1"/>
					</lines>
				</class>
				<class name="sampling.py" filename="src/carbs/utilities/sampling.py" complexity="0" line-rate="0.375" branch-rate="0">
					<methods/>
					<lines>
						<line number="2" hits="1"/>
						<line number="5" hits="1"/>
						<line number="34" hits="1"/>
						<line number="35" hits="0"/>
						<line number="38" hits="1"/>
						<line number="41" hits="1"/>
						<line number="42" hits="1"/>
						<line number="45" hits="1"/>
						<line number="47" hits="1"/>
						<line number="48" hits="1"/>
						<line number="49" hits="1"/>
						<line number="52" hits="1"/>
						<line number="53" hits="1"/>
						<line number="54" hits="1"/>
						<line number="55" hits="1"/>
						<line number="56" hits="1"/>
						<line number="57" hits="1"/>
						<line number="58" hits="1"/>
						<line number="59" hits="1"/>
						<line number="61" hits="1"/>
						<line number="62" hits="1"/>
						<line number="63" hits="1"/>
						<line number="65" hits="1"/>
						<line number="66" hits="1"/>
						<line number="67" hits="1"/>
						<line number="69" hits="1"/>
						<line number="70" hits="1"/>
						<line number="71" hits="1"/>
						<line number="73" hits="1"/>
						<line number="75" hits="1"/>
						<line number="78" hits="1"/>
						<line number="108" hits="0"/>
						<line number="109" hits="0"/>
						<line number="112" hits="0"/>
						<line number="116" hits="0"/>
						<line number="117" hits="0"/>
						<line number="118" hits="0"/>
						<line number="119" hits="0"/>
						<line number="121" hits="0"/>
						<line number="122" hits="0"/>
						<line number="123" hits="0"/>
						<line number="124" hits="0"/>
						<line number="125" hits="0"/>
						<line number="126" hits="0"/>
						<line number="127" hits="0"/>
						<line number="128" hits="0"/>
						<line number="129" hits="0"/>
						<line number="132" hits="0"/>
						<line number="133" hits="0"/>
						<line number="134" hits="0"/>
						<line number="135" hits="0"/>
						<line number="136" hits="0"/>
						<line number="137" hits="0"/>
						<line number="139" hits="0"/>
						<line number="140" hits="0"/>
						<line number="143" hits="0"/>
						<line number="144" hits="0"/>
						<line number="145" hits="0"/>
						<line number="146" hits="0"/>
						<line number="152" hits="0"/>
						<line number="153" hits="0"/>
						<line number="155" hits="0"/>
						<line number="157" hits="0"/>
						<line number="158" hits="0"/>
						<line number="159" hits="0"/>
						<line number="160" hits="0"/>
						<line number="161" hits="0"/>
						<line number="162" hits="0"/>
						<line number="163" hits="0"/>
						<line number="164" hits="0"/>
						<line number="165" hits="0"/>
						<line number="166" hits="0"/>
						<line number="167" hits="0"/>
						<line number="168" hits="0"/>
						<line number="169" hits="0"/>
						<line number="172" hits="0"/>
						<line number="174" hits="0"/>
						<line number="175" hits="0"/>
						<line number="178" hits="0"/>
						<line number="180" hits="0"/>
					</lines>
				</class>
			</classes>
		</package>
	</packages>
</coverage>
